[2025-04-30T05:47:55.063+0000] {local_task_job_runner.py:120} INFO - ::group::Pre task execution logs
[2025-04-30T05:47:55.103+0000] {taskinstance.py:2076} INFO - Dependencies all met for dep_context=non-requeueable deps ti=<TaskInstance: pstspark.run_spark_ps manual__2025-04-30T05:47:52.953302+00:00 [queued]>
[2025-04-30T05:47:55.116+0000] {taskinstance.py:2076} INFO - Dependencies all met for dep_context=requeueable deps ti=<TaskInstance: pstspark.run_spark_ps manual__2025-04-30T05:47:52.953302+00:00 [queued]>
[2025-04-30T05:47:55.117+0000] {taskinstance.py:2306} INFO - Starting attempt 1 of 1
[2025-04-30T05:47:55.140+0000] {taskinstance.py:2330} INFO - Executing <Task(PythonOperator): run_spark_ps> on 2025-04-30 05:47:52.953302+00:00
[2025-04-30T05:47:55.148+0000] {warnings.py:112} WARNING - /home/***/.local/lib/python3.12/site-packages/***/task/task_runner/standard_task_runner.py:61: DeprecationWarning: This process (pid=1116) is multi-threaded, use of fork() may lead to deadlocks in the child.
  pid = os.fork()

[2025-04-30T05:47:55.151+0000] {standard_task_runner.py:63} INFO - Started process 1117 to run task
[2025-04-30T05:47:55.151+0000] {standard_task_runner.py:90} INFO - Running: ['***', 'tasks', 'run', 'pstspark', 'run_spark_ps', 'manual__2025-04-30T05:47:52.953302+00:00', '--job-id', '102', '--raw', '--subdir', 'DAGS_FOLDER/pstspark.py', '--cfg-path', '/tmp/tmpf_7mbvzn']
[2025-04-30T05:47:55.153+0000] {standard_task_runner.py:91} INFO - Job 102: Subtask run_spark_ps
[2025-04-30T05:47:55.224+0000] {task_command.py:426} INFO - Running <TaskInstance: pstspark.run_spark_ps manual__2025-04-30T05:47:52.953302+00:00 [running]> on host 3d59bb7e8591
[2025-04-30T05:47:55.361+0000] {taskinstance.py:2648} INFO - Exporting env vars: AIRFLOW_CTX_DAG_OWNER='***' AIRFLOW_CTX_DAG_ID='pstspark' AIRFLOW_CTX_TASK_ID='run_spark_ps' AIRFLOW_CTX_EXECUTION_DATE='2025-04-30T05:47:52.953302+00:00' AIRFLOW_CTX_TRY_NUMBER='1' AIRFLOW_CTX_DAG_RUN_ID='manual__2025-04-30T05:47:52.953302+00:00'
[2025-04-30T05:47:55.362+0000] {taskinstance.py:430} INFO - ::endgroup::
[2025-04-30T05:48:07.827+0000] {logging_mixin.py:188} INFO - +---+-------+--------+--------+----------+
| id|   name|position|  salary| hire_date|
+---+-------+--------+--------+----------+
|  1|  Alice|Engineer|75000.00|2021-06-15|
|  2|    Bob| Manager|90000.00|2020-05-01|
|  3|Charlie|      HR|60000.00|2019-04-12|
+---+-------+--------+--------+----------+
[2025-04-30T05:48:08.301+0000] {python.py:237} INFO - Done. Returned value was: None
[2025-04-30T05:48:08.403+0000] {taskinstance.py:441} INFO - ::group::Post task execution logs
[2025-04-30T05:48:08.432+0000] {taskinstance.py:1206} INFO - Marking task as SUCCESS. dag_id=pstspark, task_id=run_spark_ps, run_id=manual__2025-04-30T05:47:52.953302+00:00, execution_date=20250430T054752, start_date=20250430T054755, end_date=20250430T054808
[2025-04-30T05:48:08.492+0000] {local_task_job_runner.py:240} INFO - Task exited with return code 0
[2025-04-30T05:48:08.533+0000] {taskinstance.py:3503} INFO - 1 downstream tasks scheduled from follow-on schedule check
[2025-04-30T05:48:08.542+0000] {local_task_job_runner.py:222} INFO - ::endgroup::
