[2025-04-30T05:25:40.489+0000] {processor.py:161} INFO - Started process (PID=68) to work on /opt/airflow/dags/postgresql-42.2.23.jar
[2025-04-30T05:25:40.491+0000] {processor.py:830} INFO - Processing file /opt/airflow/dags/postgresql-42.2.23.jar for tasks to queue
[2025-04-30T05:25:40.498+0000] {logging_mixin.py:188} INFO - [2025-04-30T05:25:40.496+0000] {dagbag.py:545} INFO - Filling up the DagBag from /opt/airflow/dags/postgresql-42.2.23.jar
[2025-04-30T05:25:40.547+0000] {processor.py:842} WARNING - No viable dags retrieved from /opt/airflow/dags/postgresql-42.2.23.jar
[2025-04-30T05:25:40.586+0000] {processor.py:183} INFO - Processing /opt/airflow/dags/postgresql-42.2.23.jar took 0.121 seconds
[2025-04-30T05:26:11.266+0000] {processor.py:161} INFO - Started process (PID=77) to work on /opt/airflow/dags/postgresql-42.2.23.jar
[2025-04-30T05:26:11.267+0000] {processor.py:830} INFO - Processing file /opt/airflow/dags/postgresql-42.2.23.jar for tasks to queue
[2025-04-30T05:26:11.272+0000] {logging_mixin.py:188} INFO - [2025-04-30T05:26:11.272+0000] {dagbag.py:545} INFO - Filling up the DagBag from /opt/airflow/dags/postgresql-42.2.23.jar
[2025-04-30T05:26:11.316+0000] {processor.py:842} WARNING - No viable dags retrieved from /opt/airflow/dags/postgresql-42.2.23.jar
[2025-04-30T05:26:11.350+0000] {processor.py:183} INFO - Processing /opt/airflow/dags/postgresql-42.2.23.jar took 0.095 seconds
[2025-04-30T05:26:41.910+0000] {processor.py:161} INFO - Started process (PID=87) to work on /opt/airflow/dags/postgresql-42.2.23.jar
[2025-04-30T05:26:41.912+0000] {processor.py:830} INFO - Processing file /opt/airflow/dags/postgresql-42.2.23.jar for tasks to queue
[2025-04-30T05:26:41.917+0000] {logging_mixin.py:188} INFO - [2025-04-30T05:26:41.917+0000] {dagbag.py:545} INFO - Filling up the DagBag from /opt/airflow/dags/postgresql-42.2.23.jar
[2025-04-30T05:26:41.963+0000] {processor.py:842} WARNING - No viable dags retrieved from /opt/airflow/dags/postgresql-42.2.23.jar
[2025-04-30T05:26:41.996+0000] {processor.py:183} INFO - Processing /opt/airflow/dags/postgresql-42.2.23.jar took 0.100 seconds
[2025-04-30T05:27:12.398+0000] {processor.py:161} INFO - Started process (PID=97) to work on /opt/airflow/dags/postgresql-42.2.23.jar
[2025-04-30T05:27:12.399+0000] {processor.py:830} INFO - Processing file /opt/airflow/dags/postgresql-42.2.23.jar for tasks to queue
[2025-04-30T05:27:12.402+0000] {logging_mixin.py:188} INFO - [2025-04-30T05:27:12.402+0000] {dagbag.py:545} INFO - Filling up the DagBag from /opt/airflow/dags/postgresql-42.2.23.jar
[2025-04-30T05:27:12.434+0000] {processor.py:842} WARNING - No viable dags retrieved from /opt/airflow/dags/postgresql-42.2.23.jar
[2025-04-30T05:27:12.454+0000] {processor.py:183} INFO - Processing /opt/airflow/dags/postgresql-42.2.23.jar took 0.065 seconds
[2025-04-30T05:27:43.014+0000] {processor.py:161} INFO - Started process (PID=107) to work on /opt/airflow/dags/postgresql-42.2.23.jar
[2025-04-30T05:27:43.016+0000] {processor.py:830} INFO - Processing file /opt/airflow/dags/postgresql-42.2.23.jar for tasks to queue
[2025-04-30T05:27:43.024+0000] {logging_mixin.py:188} INFO - [2025-04-30T05:27:43.023+0000] {dagbag.py:545} INFO - Filling up the DagBag from /opt/airflow/dags/postgresql-42.2.23.jar
[2025-04-30T05:27:43.073+0000] {processor.py:842} WARNING - No viable dags retrieved from /opt/airflow/dags/postgresql-42.2.23.jar
[2025-04-30T05:27:43.110+0000] {processor.py:183} INFO - Processing /opt/airflow/dags/postgresql-42.2.23.jar took 0.115 seconds
[2025-04-30T05:28:14.188+0000] {processor.py:161} INFO - Started process (PID=118) to work on /opt/airflow/dags/postgresql-42.2.23.jar
[2025-04-30T05:28:14.190+0000] {processor.py:830} INFO - Processing file /opt/airflow/dags/postgresql-42.2.23.jar for tasks to queue
[2025-04-30T05:28:14.198+0000] {logging_mixin.py:188} INFO - [2025-04-30T05:28:14.198+0000] {dagbag.py:545} INFO - Filling up the DagBag from /opt/airflow/dags/postgresql-42.2.23.jar
[2025-04-30T05:28:14.255+0000] {processor.py:842} WARNING - No viable dags retrieved from /opt/airflow/dags/postgresql-42.2.23.jar
[2025-04-30T05:28:14.299+0000] {processor.py:183} INFO - Processing /opt/airflow/dags/postgresql-42.2.23.jar took 0.124 seconds
[2025-04-30T05:28:44.752+0000] {processor.py:161} INFO - Started process (PID=127) to work on /opt/airflow/dags/postgresql-42.2.23.jar
[2025-04-30T05:28:44.766+0000] {processor.py:830} INFO - Processing file /opt/airflow/dags/postgresql-42.2.23.jar for tasks to queue
[2025-04-30T05:28:44.778+0000] {logging_mixin.py:188} INFO - [2025-04-30T05:28:44.777+0000] {dagbag.py:545} INFO - Filling up the DagBag from /opt/airflow/dags/postgresql-42.2.23.jar
[2025-04-30T05:28:44.844+0000] {processor.py:842} WARNING - No viable dags retrieved from /opt/airflow/dags/postgresql-42.2.23.jar
[2025-04-30T05:28:44.899+0000] {processor.py:183} INFO - Processing /opt/airflow/dags/postgresql-42.2.23.jar took 0.167 seconds
[2025-04-30T05:29:15.283+0000] {processor.py:161} INFO - Started process (PID=137) to work on /opt/airflow/dags/postgresql-42.2.23.jar
[2025-04-30T05:29:15.285+0000] {processor.py:830} INFO - Processing file /opt/airflow/dags/postgresql-42.2.23.jar for tasks to queue
[2025-04-30T05:29:15.289+0000] {logging_mixin.py:188} INFO - [2025-04-30T05:29:15.288+0000] {dagbag.py:545} INFO - Filling up the DagBag from /opt/airflow/dags/postgresql-42.2.23.jar
[2025-04-30T05:29:15.329+0000] {processor.py:842} WARNING - No viable dags retrieved from /opt/airflow/dags/postgresql-42.2.23.jar
[2025-04-30T05:29:15.360+0000] {processor.py:183} INFO - Processing /opt/airflow/dags/postgresql-42.2.23.jar took 0.088 seconds
[2025-04-30T05:29:45.878+0000] {processor.py:161} INFO - Started process (PID=147) to work on /opt/airflow/dags/postgresql-42.2.23.jar
[2025-04-30T05:29:45.880+0000] {processor.py:830} INFO - Processing file /opt/airflow/dags/postgresql-42.2.23.jar for tasks to queue
[2025-04-30T05:29:45.884+0000] {logging_mixin.py:188} INFO - [2025-04-30T05:29:45.884+0000] {dagbag.py:545} INFO - Filling up the DagBag from /opt/airflow/dags/postgresql-42.2.23.jar
[2025-04-30T05:29:45.921+0000] {processor.py:842} WARNING - No viable dags retrieved from /opt/airflow/dags/postgresql-42.2.23.jar
[2025-04-30T05:29:45.949+0000] {processor.py:183} INFO - Processing /opt/airflow/dags/postgresql-42.2.23.jar took 0.084 seconds
[2025-04-30T05:30:16.316+0000] {processor.py:161} INFO - Started process (PID=157) to work on /opt/airflow/dags/postgresql-42.2.23.jar
[2025-04-30T05:30:16.318+0000] {processor.py:830} INFO - Processing file /opt/airflow/dags/postgresql-42.2.23.jar for tasks to queue
[2025-04-30T05:30:16.321+0000] {logging_mixin.py:188} INFO - [2025-04-30T05:30:16.320+0000] {dagbag.py:545} INFO - Filling up the DagBag from /opt/airflow/dags/postgresql-42.2.23.jar
[2025-04-30T05:30:16.354+0000] {processor.py:842} WARNING - No viable dags retrieved from /opt/airflow/dags/postgresql-42.2.23.jar
[2025-04-30T05:30:16.376+0000] {processor.py:183} INFO - Processing /opt/airflow/dags/postgresql-42.2.23.jar took 0.070 seconds
[2025-04-30T05:30:47.138+0000] {processor.py:161} INFO - Started process (PID=167) to work on /opt/airflow/dags/postgresql-42.2.23.jar
[2025-04-30T05:30:47.139+0000] {processor.py:830} INFO - Processing file /opt/airflow/dags/postgresql-42.2.23.jar for tasks to queue
[2025-04-30T05:30:47.142+0000] {logging_mixin.py:188} INFO - [2025-04-30T05:30:47.142+0000] {dagbag.py:545} INFO - Filling up the DagBag from /opt/airflow/dags/postgresql-42.2.23.jar
[2025-04-30T05:30:47.172+0000] {processor.py:842} WARNING - No viable dags retrieved from /opt/airflow/dags/postgresql-42.2.23.jar
[2025-04-30T05:30:47.194+0000] {processor.py:183} INFO - Processing /opt/airflow/dags/postgresql-42.2.23.jar took 0.066 seconds
[2025-04-30T05:31:17.709+0000] {processor.py:161} INFO - Started process (PID=177) to work on /opt/airflow/dags/postgresql-42.2.23.jar
[2025-04-30T05:31:17.721+0000] {processor.py:830} INFO - Processing file /opt/airflow/dags/postgresql-42.2.23.jar for tasks to queue
[2025-04-30T05:31:17.738+0000] {logging_mixin.py:188} INFO - [2025-04-30T05:31:17.737+0000] {dagbag.py:545} INFO - Filling up the DagBag from /opt/airflow/dags/postgresql-42.2.23.jar
[2025-04-30T05:31:17.810+0000] {processor.py:842} WARNING - No viable dags retrieved from /opt/airflow/dags/postgresql-42.2.23.jar
[2025-04-30T05:31:17.860+0000] {processor.py:183} INFO - Processing /opt/airflow/dags/postgresql-42.2.23.jar took 0.175 seconds
[2025-04-30T05:31:48.209+0000] {processor.py:161} INFO - Started process (PID=187) to work on /opt/airflow/dags/postgresql-42.2.23.jar
[2025-04-30T05:31:48.211+0000] {processor.py:830} INFO - Processing file /opt/airflow/dags/postgresql-42.2.23.jar for tasks to queue
[2025-04-30T05:31:48.214+0000] {logging_mixin.py:188} INFO - [2025-04-30T05:31:48.214+0000] {dagbag.py:545} INFO - Filling up the DagBag from /opt/airflow/dags/postgresql-42.2.23.jar
[2025-04-30T05:31:48.247+0000] {processor.py:842} WARNING - No viable dags retrieved from /opt/airflow/dags/postgresql-42.2.23.jar
[2025-04-30T05:31:48.271+0000] {processor.py:183} INFO - Processing /opt/airflow/dags/postgresql-42.2.23.jar took 0.072 seconds
[2025-04-30T05:32:18.638+0000] {processor.py:161} INFO - Started process (PID=197) to work on /opt/airflow/dags/postgresql-42.2.23.jar
[2025-04-30T05:32:18.640+0000] {processor.py:830} INFO - Processing file /opt/airflow/dags/postgresql-42.2.23.jar for tasks to queue
[2025-04-30T05:32:18.644+0000] {logging_mixin.py:188} INFO - [2025-04-30T05:32:18.643+0000] {dagbag.py:545} INFO - Filling up the DagBag from /opt/airflow/dags/postgresql-42.2.23.jar
[2025-04-30T05:32:18.674+0000] {processor.py:842} WARNING - No viable dags retrieved from /opt/airflow/dags/postgresql-42.2.23.jar
[2025-04-30T05:32:18.698+0000] {processor.py:183} INFO - Processing /opt/airflow/dags/postgresql-42.2.23.jar took 0.071 seconds
[2025-04-30T05:32:49.033+0000] {processor.py:161} INFO - Started process (PID=207) to work on /opt/airflow/dags/postgresql-42.2.23.jar
[2025-04-30T05:32:49.035+0000] {processor.py:830} INFO - Processing file /opt/airflow/dags/postgresql-42.2.23.jar for tasks to queue
[2025-04-30T05:32:49.038+0000] {logging_mixin.py:188} INFO - [2025-04-30T05:32:49.037+0000] {dagbag.py:545} INFO - Filling up the DagBag from /opt/airflow/dags/postgresql-42.2.23.jar
[2025-04-30T05:32:49.069+0000] {processor.py:842} WARNING - No viable dags retrieved from /opt/airflow/dags/postgresql-42.2.23.jar
[2025-04-30T05:32:49.093+0000] {processor.py:183} INFO - Processing /opt/airflow/dags/postgresql-42.2.23.jar took 0.071 seconds
[2025-04-30T05:33:19.400+0000] {processor.py:161} INFO - Started process (PID=217) to work on /opt/airflow/dags/postgresql-42.2.23.jar
[2025-04-30T05:33:19.402+0000] {processor.py:830} INFO - Processing file /opt/airflow/dags/postgresql-42.2.23.jar for tasks to queue
[2025-04-30T05:33:19.406+0000] {logging_mixin.py:188} INFO - [2025-04-30T05:33:19.405+0000] {dagbag.py:545} INFO - Filling up the DagBag from /opt/airflow/dags/postgresql-42.2.23.jar
[2025-04-30T05:33:19.440+0000] {processor.py:842} WARNING - No viable dags retrieved from /opt/airflow/dags/postgresql-42.2.23.jar
[2025-04-30T05:33:19.462+0000] {processor.py:183} INFO - Processing /opt/airflow/dags/postgresql-42.2.23.jar took 0.072 seconds
[2025-04-30T05:33:50.444+0000] {processor.py:161} INFO - Started process (PID=227) to work on /opt/airflow/dags/postgresql-42.2.23.jar
[2025-04-30T05:33:50.446+0000] {processor.py:830} INFO - Processing file /opt/airflow/dags/postgresql-42.2.23.jar for tasks to queue
[2025-04-30T05:33:50.449+0000] {logging_mixin.py:188} INFO - [2025-04-30T05:33:50.449+0000] {dagbag.py:545} INFO - Filling up the DagBag from /opt/airflow/dags/postgresql-42.2.23.jar
[2025-04-30T05:33:50.483+0000] {processor.py:842} WARNING - No viable dags retrieved from /opt/airflow/dags/postgresql-42.2.23.jar
[2025-04-30T05:33:50.503+0000] {processor.py:183} INFO - Processing /opt/airflow/dags/postgresql-42.2.23.jar took 0.070 seconds
[2025-04-30T05:34:21.104+0000] {processor.py:161} INFO - Started process (PID=237) to work on /opt/airflow/dags/postgresql-42.2.23.jar
[2025-04-30T05:34:21.106+0000] {processor.py:830} INFO - Processing file /opt/airflow/dags/postgresql-42.2.23.jar for tasks to queue
[2025-04-30T05:34:21.109+0000] {logging_mixin.py:188} INFO - [2025-04-30T05:34:21.109+0000] {dagbag.py:545} INFO - Filling up the DagBag from /opt/airflow/dags/postgresql-42.2.23.jar
[2025-04-30T05:34:21.142+0000] {processor.py:842} WARNING - No viable dags retrieved from /opt/airflow/dags/postgresql-42.2.23.jar
[2025-04-30T05:34:21.164+0000] {processor.py:183} INFO - Processing /opt/airflow/dags/postgresql-42.2.23.jar took 0.069 seconds
[2025-04-30T05:34:51.899+0000] {processor.py:161} INFO - Started process (PID=248) to work on /opt/airflow/dags/postgresql-42.2.23.jar
[2025-04-30T05:34:51.901+0000] {processor.py:830} INFO - Processing file /opt/airflow/dags/postgresql-42.2.23.jar for tasks to queue
[2025-04-30T05:34:51.905+0000] {logging_mixin.py:188} INFO - [2025-04-30T05:34:51.904+0000] {dagbag.py:545} INFO - Filling up the DagBag from /opt/airflow/dags/postgresql-42.2.23.jar
[2025-04-30T05:34:51.938+0000] {processor.py:842} WARNING - No viable dags retrieved from /opt/airflow/dags/postgresql-42.2.23.jar
[2025-04-30T05:34:51.960+0000] {processor.py:183} INFO - Processing /opt/airflow/dags/postgresql-42.2.23.jar took 0.072 seconds
[2025-04-30T05:35:22.482+0000] {processor.py:161} INFO - Started process (PID=258) to work on /opt/airflow/dags/postgresql-42.2.23.jar
[2025-04-30T05:35:22.484+0000] {processor.py:830} INFO - Processing file /opt/airflow/dags/postgresql-42.2.23.jar for tasks to queue
[2025-04-30T05:35:22.488+0000] {logging_mixin.py:188} INFO - [2025-04-30T05:35:22.487+0000] {dagbag.py:545} INFO - Filling up the DagBag from /opt/airflow/dags/postgresql-42.2.23.jar
[2025-04-30T05:35:22.522+0000] {processor.py:842} WARNING - No viable dags retrieved from /opt/airflow/dags/postgresql-42.2.23.jar
[2025-04-30T05:35:22.545+0000] {processor.py:183} INFO - Processing /opt/airflow/dags/postgresql-42.2.23.jar took 0.074 seconds
[2025-04-30T05:35:53.320+0000] {processor.py:161} INFO - Started process (PID=268) to work on /opt/airflow/dags/postgresql-42.2.23.jar
[2025-04-30T05:35:53.322+0000] {processor.py:830} INFO - Processing file /opt/airflow/dags/postgresql-42.2.23.jar for tasks to queue
[2025-04-30T05:35:53.326+0000] {logging_mixin.py:188} INFO - [2025-04-30T05:35:53.325+0000] {dagbag.py:545} INFO - Filling up the DagBag from /opt/airflow/dags/postgresql-42.2.23.jar
[2025-04-30T05:35:53.359+0000] {processor.py:842} WARNING - No viable dags retrieved from /opt/airflow/dags/postgresql-42.2.23.jar
[2025-04-30T05:35:53.381+0000] {processor.py:183} INFO - Processing /opt/airflow/dags/postgresql-42.2.23.jar took 0.071 seconds
[2025-04-30T05:36:24.383+0000] {processor.py:161} INFO - Started process (PID=285) to work on /opt/airflow/dags/postgresql-42.2.23.jar
[2025-04-30T05:36:24.385+0000] {processor.py:830} INFO - Processing file /opt/airflow/dags/postgresql-42.2.23.jar for tasks to queue
[2025-04-30T05:36:24.389+0000] {logging_mixin.py:188} INFO - [2025-04-30T05:36:24.388+0000] {dagbag.py:545} INFO - Filling up the DagBag from /opt/airflow/dags/postgresql-42.2.23.jar
[2025-04-30T05:36:24.427+0000] {processor.py:842} WARNING - No viable dags retrieved from /opt/airflow/dags/postgresql-42.2.23.jar
[2025-04-30T05:36:24.458+0000] {processor.py:183} INFO - Processing /opt/airflow/dags/postgresql-42.2.23.jar took 0.089 seconds
[2025-04-30T05:36:55.009+0000] {processor.py:161} INFO - Started process (PID=295) to work on /opt/airflow/dags/postgresql-42.2.23.jar
[2025-04-30T05:36:55.011+0000] {processor.py:830} INFO - Processing file /opt/airflow/dags/postgresql-42.2.23.jar for tasks to queue
[2025-04-30T05:36:55.015+0000] {logging_mixin.py:188} INFO - [2025-04-30T05:36:55.014+0000] {dagbag.py:545} INFO - Filling up the DagBag from /opt/airflow/dags/postgresql-42.2.23.jar
[2025-04-30T05:36:55.051+0000] {processor.py:842} WARNING - No viable dags retrieved from /opt/airflow/dags/postgresql-42.2.23.jar
[2025-04-30T05:36:55.076+0000] {processor.py:183} INFO - Processing /opt/airflow/dags/postgresql-42.2.23.jar took 0.081 seconds
[2025-04-30T05:37:26.088+0000] {processor.py:161} INFO - Started process (PID=306) to work on /opt/airflow/dags/postgresql-42.2.23.jar
[2025-04-30T05:37:26.090+0000] {processor.py:830} INFO - Processing file /opt/airflow/dags/postgresql-42.2.23.jar for tasks to queue
[2025-04-30T05:37:26.094+0000] {logging_mixin.py:188} INFO - [2025-04-30T05:37:26.093+0000] {dagbag.py:545} INFO - Filling up the DagBag from /opt/airflow/dags/postgresql-42.2.23.jar
[2025-04-30T05:37:26.132+0000] {processor.py:842} WARNING - No viable dags retrieved from /opt/airflow/dags/postgresql-42.2.23.jar
[2025-04-30T05:37:26.168+0000] {processor.py:183} INFO - Processing /opt/airflow/dags/postgresql-42.2.23.jar took 0.090 seconds
[2025-04-30T05:37:56.825+0000] {processor.py:161} INFO - Started process (PID=318) to work on /opt/airflow/dags/postgresql-42.2.23.jar
[2025-04-30T05:37:56.827+0000] {processor.py:830} INFO - Processing file /opt/airflow/dags/postgresql-42.2.23.jar for tasks to queue
[2025-04-30T05:37:56.830+0000] {logging_mixin.py:188} INFO - [2025-04-30T05:37:56.829+0000] {dagbag.py:545} INFO - Filling up the DagBag from /opt/airflow/dags/postgresql-42.2.23.jar
[2025-04-30T05:37:56.860+0000] {processor.py:842} WARNING - No viable dags retrieved from /opt/airflow/dags/postgresql-42.2.23.jar
[2025-04-30T05:37:56.882+0000] {processor.py:183} INFO - Processing /opt/airflow/dags/postgresql-42.2.23.jar took 0.071 seconds
[2025-04-30T05:38:27.783+0000] {processor.py:161} INFO - Started process (PID=328) to work on /opt/airflow/dags/postgresql-42.2.23.jar
[2025-04-30T05:38:27.785+0000] {processor.py:830} INFO - Processing file /opt/airflow/dags/postgresql-42.2.23.jar for tasks to queue
[2025-04-30T05:38:27.788+0000] {logging_mixin.py:188} INFO - [2025-04-30T05:38:27.788+0000] {dagbag.py:545} INFO - Filling up the DagBag from /opt/airflow/dags/postgresql-42.2.23.jar
[2025-04-30T05:38:27.820+0000] {processor.py:842} WARNING - No viable dags retrieved from /opt/airflow/dags/postgresql-42.2.23.jar
[2025-04-30T05:38:27.841+0000] {processor.py:183} INFO - Processing /opt/airflow/dags/postgresql-42.2.23.jar took 0.070 seconds
[2025-04-30T05:38:58.374+0000] {processor.py:161} INFO - Started process (PID=338) to work on /opt/airflow/dags/postgresql-42.2.23.jar
[2025-04-30T05:38:58.376+0000] {processor.py:830} INFO - Processing file /opt/airflow/dags/postgresql-42.2.23.jar for tasks to queue
[2025-04-30T05:38:58.379+0000] {logging_mixin.py:188} INFO - [2025-04-30T05:38:58.378+0000] {dagbag.py:545} INFO - Filling up the DagBag from /opt/airflow/dags/postgresql-42.2.23.jar
[2025-04-30T05:38:58.415+0000] {processor.py:842} WARNING - No viable dags retrieved from /opt/airflow/dags/postgresql-42.2.23.jar
[2025-04-30T05:38:58.438+0000] {processor.py:183} INFO - Processing /opt/airflow/dags/postgresql-42.2.23.jar took 0.078 seconds
[2025-04-30T05:39:28.762+0000] {processor.py:161} INFO - Started process (PID=348) to work on /opt/airflow/dags/postgresql-42.2.23.jar
[2025-04-30T05:39:28.764+0000] {processor.py:830} INFO - Processing file /opt/airflow/dags/postgresql-42.2.23.jar for tasks to queue
[2025-04-30T05:39:28.768+0000] {logging_mixin.py:188} INFO - [2025-04-30T05:39:28.767+0000] {dagbag.py:545} INFO - Filling up the DagBag from /opt/airflow/dags/postgresql-42.2.23.jar
[2025-04-30T05:39:28.796+0000] {processor.py:842} WARNING - No viable dags retrieved from /opt/airflow/dags/postgresql-42.2.23.jar
[2025-04-30T05:39:28.820+0000] {processor.py:183} INFO - Processing /opt/airflow/dags/postgresql-42.2.23.jar took 0.068 seconds
[2025-04-30T05:39:59.223+0000] {processor.py:161} INFO - Started process (PID=357) to work on /opt/airflow/dags/postgresql-42.2.23.jar
[2025-04-30T05:39:59.225+0000] {processor.py:830} INFO - Processing file /opt/airflow/dags/postgresql-42.2.23.jar for tasks to queue
[2025-04-30T05:39:59.228+0000] {logging_mixin.py:188} INFO - [2025-04-30T05:39:59.228+0000] {dagbag.py:545} INFO - Filling up the DagBag from /opt/airflow/dags/postgresql-42.2.23.jar
[2025-04-30T05:39:59.269+0000] {processor.py:842} WARNING - No viable dags retrieved from /opt/airflow/dags/postgresql-42.2.23.jar
[2025-04-30T05:39:59.297+0000] {processor.py:183} INFO - Processing /opt/airflow/dags/postgresql-42.2.23.jar took 0.088 seconds
[2025-04-30T05:40:30.143+0000] {processor.py:161} INFO - Started process (PID=367) to work on /opt/airflow/dags/postgresql-42.2.23.jar
[2025-04-30T05:40:30.145+0000] {processor.py:830} INFO - Processing file /opt/airflow/dags/postgresql-42.2.23.jar for tasks to queue
[2025-04-30T05:40:30.149+0000] {logging_mixin.py:188} INFO - [2025-04-30T05:40:30.149+0000] {dagbag.py:545} INFO - Filling up the DagBag from /opt/airflow/dags/postgresql-42.2.23.jar
[2025-04-30T05:40:30.182+0000] {processor.py:842} WARNING - No viable dags retrieved from /opt/airflow/dags/postgresql-42.2.23.jar
[2025-04-30T05:40:30.203+0000] {processor.py:183} INFO - Processing /opt/airflow/dags/postgresql-42.2.23.jar took 0.074 seconds
[2025-04-30T05:41:00.573+0000] {processor.py:161} INFO - Started process (PID=378) to work on /opt/airflow/dags/postgresql-42.2.23.jar
[2025-04-30T05:41:00.575+0000] {processor.py:830} INFO - Processing file /opt/airflow/dags/postgresql-42.2.23.jar for tasks to queue
[2025-04-30T05:41:00.580+0000] {logging_mixin.py:188} INFO - [2025-04-30T05:41:00.579+0000] {dagbag.py:545} INFO - Filling up the DagBag from /opt/airflow/dags/postgresql-42.2.23.jar
[2025-04-30T05:41:00.614+0000] {processor.py:842} WARNING - No viable dags retrieved from /opt/airflow/dags/postgresql-42.2.23.jar
[2025-04-30T05:41:00.642+0000] {processor.py:183} INFO - Processing /opt/airflow/dags/postgresql-42.2.23.jar took 0.082 seconds
[2025-04-30T05:41:31.477+0000] {processor.py:161} INFO - Started process (PID=388) to work on /opt/airflow/dags/postgresql-42.2.23.jar
[2025-04-30T05:41:31.478+0000] {processor.py:830} INFO - Processing file /opt/airflow/dags/postgresql-42.2.23.jar for tasks to queue
[2025-04-30T05:41:31.482+0000] {logging_mixin.py:188} INFO - [2025-04-30T05:41:31.481+0000] {dagbag.py:545} INFO - Filling up the DagBag from /opt/airflow/dags/postgresql-42.2.23.jar
[2025-04-30T05:41:31.512+0000] {processor.py:842} WARNING - No viable dags retrieved from /opt/airflow/dags/postgresql-42.2.23.jar
[2025-04-30T05:41:31.534+0000] {processor.py:183} INFO - Processing /opt/airflow/dags/postgresql-42.2.23.jar took 0.068 seconds
[2025-04-30T05:42:02.058+0000] {processor.py:161} INFO - Started process (PID=397) to work on /opt/airflow/dags/postgresql-42.2.23.jar
[2025-04-30T05:42:02.060+0000] {processor.py:830} INFO - Processing file /opt/airflow/dags/postgresql-42.2.23.jar for tasks to queue
[2025-04-30T05:42:02.064+0000] {logging_mixin.py:188} INFO - [2025-04-30T05:42:02.063+0000] {dagbag.py:545} INFO - Filling up the DagBag from /opt/airflow/dags/postgresql-42.2.23.jar
[2025-04-30T05:42:02.096+0000] {processor.py:842} WARNING - No viable dags retrieved from /opt/airflow/dags/postgresql-42.2.23.jar
[2025-04-30T05:42:02.118+0000] {processor.py:183} INFO - Processing /opt/airflow/dags/postgresql-42.2.23.jar took 0.072 seconds
[2025-04-30T05:42:32.942+0000] {processor.py:161} INFO - Started process (PID=407) to work on /opt/airflow/dags/postgresql-42.2.23.jar
[2025-04-30T05:42:32.944+0000] {processor.py:830} INFO - Processing file /opt/airflow/dags/postgresql-42.2.23.jar for tasks to queue
[2025-04-30T05:42:32.947+0000] {logging_mixin.py:188} INFO - [2025-04-30T05:42:32.946+0000] {dagbag.py:545} INFO - Filling up the DagBag from /opt/airflow/dags/postgresql-42.2.23.jar
[2025-04-30T05:42:32.979+0000] {processor.py:842} WARNING - No viable dags retrieved from /opt/airflow/dags/postgresql-42.2.23.jar
[2025-04-30T05:42:32.999+0000] {processor.py:183} INFO - Processing /opt/airflow/dags/postgresql-42.2.23.jar took 0.067 seconds
[2025-04-30T05:43:03.968+0000] {processor.py:161} INFO - Started process (PID=417) to work on /opt/airflow/dags/postgresql-42.2.23.jar
[2025-04-30T05:43:03.971+0000] {processor.py:830} INFO - Processing file /opt/airflow/dags/postgresql-42.2.23.jar for tasks to queue
[2025-04-30T05:43:03.975+0000] {logging_mixin.py:188} INFO - [2025-04-30T05:43:03.974+0000] {dagbag.py:545} INFO - Filling up the DagBag from /opt/airflow/dags/postgresql-42.2.23.jar
[2025-04-30T05:43:04.015+0000] {processor.py:842} WARNING - No viable dags retrieved from /opt/airflow/dags/postgresql-42.2.23.jar
[2025-04-30T05:43:04.043+0000] {processor.py:183} INFO - Processing /opt/airflow/dags/postgresql-42.2.23.jar took 0.089 seconds
[2025-04-30T05:43:34.464+0000] {processor.py:161} INFO - Started process (PID=427) to work on /opt/airflow/dags/postgresql-42.2.23.jar
[2025-04-30T05:43:34.466+0000] {processor.py:830} INFO - Processing file /opt/airflow/dags/postgresql-42.2.23.jar for tasks to queue
[2025-04-30T05:43:34.469+0000] {logging_mixin.py:188} INFO - [2025-04-30T05:43:34.469+0000] {dagbag.py:545} INFO - Filling up the DagBag from /opt/airflow/dags/postgresql-42.2.23.jar
[2025-04-30T05:43:34.503+0000] {processor.py:842} WARNING - No viable dags retrieved from /opt/airflow/dags/postgresql-42.2.23.jar
[2025-04-30T05:43:34.526+0000] {processor.py:183} INFO - Processing /opt/airflow/dags/postgresql-42.2.23.jar took 0.072 seconds
[2025-04-30T05:44:05.477+0000] {processor.py:161} INFO - Started process (PID=437) to work on /opt/airflow/dags/postgresql-42.2.23.jar
[2025-04-30T05:44:05.479+0000] {processor.py:830} INFO - Processing file /opt/airflow/dags/postgresql-42.2.23.jar for tasks to queue
[2025-04-30T05:44:05.489+0000] {logging_mixin.py:188} INFO - [2025-04-30T05:44:05.487+0000] {dagbag.py:545} INFO - Filling up the DagBag from /opt/airflow/dags/postgresql-42.2.23.jar
[2025-04-30T05:44:05.546+0000] {processor.py:842} WARNING - No viable dags retrieved from /opt/airflow/dags/postgresql-42.2.23.jar
[2025-04-30T05:44:05.580+0000] {processor.py:183} INFO - Processing /opt/airflow/dags/postgresql-42.2.23.jar took 0.119 seconds
[2025-04-30T05:44:35.882+0000] {processor.py:161} INFO - Started process (PID=447) to work on /opt/airflow/dags/postgresql-42.2.23.jar
[2025-04-30T05:44:35.886+0000] {processor.py:830} INFO - Processing file /opt/airflow/dags/postgresql-42.2.23.jar for tasks to queue
[2025-04-30T05:44:35.891+0000] {logging_mixin.py:188} INFO - [2025-04-30T05:44:35.890+0000] {dagbag.py:545} INFO - Filling up the DagBag from /opt/airflow/dags/postgresql-42.2.23.jar
[2025-04-30T05:44:35.942+0000] {processor.py:842} WARNING - No viable dags retrieved from /opt/airflow/dags/postgresql-42.2.23.jar
[2025-04-30T05:44:35.977+0000] {processor.py:183} INFO - Processing /opt/airflow/dags/postgresql-42.2.23.jar took 0.122 seconds
[2025-04-30T05:45:06.456+0000] {processor.py:161} INFO - Started process (PID=458) to work on /opt/airflow/dags/postgresql-42.2.23.jar
[2025-04-30T05:45:06.457+0000] {processor.py:830} INFO - Processing file /opt/airflow/dags/postgresql-42.2.23.jar for tasks to queue
[2025-04-30T05:45:06.459+0000] {logging_mixin.py:188} INFO - [2025-04-30T05:45:06.459+0000] {dagbag.py:545} INFO - Filling up the DagBag from /opt/airflow/dags/postgresql-42.2.23.jar
[2025-04-30T05:45:06.490+0000] {processor.py:842} WARNING - No viable dags retrieved from /opt/airflow/dags/postgresql-42.2.23.jar
[2025-04-30T05:45:06.510+0000] {processor.py:183} INFO - Processing /opt/airflow/dags/postgresql-42.2.23.jar took 0.065 seconds
[2025-04-30T05:45:37.046+0000] {processor.py:161} INFO - Started process (PID=469) to work on /opt/airflow/dags/postgresql-42.2.23.jar
[2025-04-30T05:45:37.048+0000] {processor.py:830} INFO - Processing file /opt/airflow/dags/postgresql-42.2.23.jar for tasks to queue
[2025-04-30T05:45:37.049+0000] {logging_mixin.py:188} INFO - [2025-04-30T05:45:37.049+0000] {dagbag.py:545} INFO - Filling up the DagBag from /opt/airflow/dags/postgresql-42.2.23.jar
[2025-04-30T05:45:37.087+0000] {processor.py:842} WARNING - No viable dags retrieved from /opt/airflow/dags/postgresql-42.2.23.jar
[2025-04-30T05:45:37.108+0000] {processor.py:183} INFO - Processing /opt/airflow/dags/postgresql-42.2.23.jar took 0.073 seconds
[2025-04-30T05:46:07.557+0000] {processor.py:161} INFO - Started process (PID=480) to work on /opt/airflow/dags/postgresql-42.2.23.jar
[2025-04-30T05:46:07.559+0000] {processor.py:830} INFO - Processing file /opt/airflow/dags/postgresql-42.2.23.jar for tasks to queue
[2025-04-30T05:46:07.561+0000] {logging_mixin.py:188} INFO - [2025-04-30T05:46:07.560+0000] {dagbag.py:545} INFO - Filling up the DagBag from /opt/airflow/dags/postgresql-42.2.23.jar
[2025-04-30T05:46:07.596+0000] {processor.py:842} WARNING - No viable dags retrieved from /opt/airflow/dags/postgresql-42.2.23.jar
[2025-04-30T05:46:07.621+0000] {processor.py:183} INFO - Processing /opt/airflow/dags/postgresql-42.2.23.jar took 0.079 seconds
[2025-04-30T05:46:37.943+0000] {processor.py:161} INFO - Started process (PID=490) to work on /opt/airflow/dags/postgresql-42.2.23.jar
[2025-04-30T05:46:37.945+0000] {processor.py:830} INFO - Processing file /opt/airflow/dags/postgresql-42.2.23.jar for tasks to queue
[2025-04-30T05:46:37.947+0000] {logging_mixin.py:188} INFO - [2025-04-30T05:46:37.947+0000] {dagbag.py:545} INFO - Filling up the DagBag from /opt/airflow/dags/postgresql-42.2.23.jar
[2025-04-30T05:46:37.978+0000] {processor.py:842} WARNING - No viable dags retrieved from /opt/airflow/dags/postgresql-42.2.23.jar
[2025-04-30T05:46:38.002+0000] {processor.py:183} INFO - Processing /opt/airflow/dags/postgresql-42.2.23.jar took 0.071 seconds
[2025-04-30T05:47:08.662+0000] {processor.py:161} INFO - Started process (PID=500) to work on /opt/airflow/dags/postgresql-42.2.23.jar
[2025-04-30T05:47:08.664+0000] {processor.py:830} INFO - Processing file /opt/airflow/dags/postgresql-42.2.23.jar for tasks to queue
[2025-04-30T05:47:08.666+0000] {logging_mixin.py:188} INFO - [2025-04-30T05:47:08.665+0000] {dagbag.py:545} INFO - Filling up the DagBag from /opt/airflow/dags/postgresql-42.2.23.jar
[2025-04-30T05:47:08.699+0000] {processor.py:842} WARNING - No viable dags retrieved from /opt/airflow/dags/postgresql-42.2.23.jar
[2025-04-30T05:47:08.723+0000] {processor.py:183} INFO - Processing /opt/airflow/dags/postgresql-42.2.23.jar took 0.071 seconds
[2025-04-30T05:47:39.533+0000] {processor.py:161} INFO - Started process (PID=510) to work on /opt/airflow/dags/postgresql-42.2.23.jar
[2025-04-30T05:47:39.534+0000] {processor.py:830} INFO - Processing file /opt/airflow/dags/postgresql-42.2.23.jar for tasks to queue
[2025-04-30T05:47:39.536+0000] {logging_mixin.py:188} INFO - [2025-04-30T05:47:39.536+0000] {dagbag.py:545} INFO - Filling up the DagBag from /opt/airflow/dags/postgresql-42.2.23.jar
[2025-04-30T05:47:39.567+0000] {processor.py:842} WARNING - No viable dags retrieved from /opt/airflow/dags/postgresql-42.2.23.jar
[2025-04-30T05:47:39.587+0000] {processor.py:183} INFO - Processing /opt/airflow/dags/postgresql-42.2.23.jar took 0.065 seconds
[2025-04-30T05:48:10.171+0000] {processor.py:161} INFO - Started process (PID=520) to work on /opt/airflow/dags/postgresql-42.2.23.jar
[2025-04-30T05:48:10.173+0000] {processor.py:830} INFO - Processing file /opt/airflow/dags/postgresql-42.2.23.jar for tasks to queue
[2025-04-30T05:48:10.175+0000] {logging_mixin.py:188} INFO - [2025-04-30T05:48:10.175+0000] {dagbag.py:545} INFO - Filling up the DagBag from /opt/airflow/dags/postgresql-42.2.23.jar
[2025-04-30T05:48:10.208+0000] {processor.py:842} WARNING - No viable dags retrieved from /opt/airflow/dags/postgresql-42.2.23.jar
[2025-04-30T05:48:10.229+0000] {processor.py:183} INFO - Processing /opt/airflow/dags/postgresql-42.2.23.jar took 0.070 seconds
[2025-04-30T05:48:40.735+0000] {processor.py:161} INFO - Started process (PID=529) to work on /opt/airflow/dags/postgresql-42.2.23.jar
[2025-04-30T05:48:40.737+0000] {processor.py:830} INFO - Processing file /opt/airflow/dags/postgresql-42.2.23.jar for tasks to queue
[2025-04-30T05:48:40.738+0000] {logging_mixin.py:188} INFO - [2025-04-30T05:48:40.738+0000] {dagbag.py:545} INFO - Filling up the DagBag from /opt/airflow/dags/postgresql-42.2.23.jar
[2025-04-30T05:48:40.769+0000] {processor.py:842} WARNING - No viable dags retrieved from /opt/airflow/dags/postgresql-42.2.23.jar
[2025-04-30T05:48:40.791+0000] {processor.py:183} INFO - Processing /opt/airflow/dags/postgresql-42.2.23.jar took 0.066 seconds
[2025-04-30T05:49:11.422+0000] {processor.py:161} INFO - Started process (PID=539) to work on /opt/airflow/dags/postgresql-42.2.23.jar
[2025-04-30T05:49:11.424+0000] {processor.py:830} INFO - Processing file /opt/airflow/dags/postgresql-42.2.23.jar for tasks to queue
[2025-04-30T05:49:11.426+0000] {logging_mixin.py:188} INFO - [2025-04-30T05:49:11.425+0000] {dagbag.py:545} INFO - Filling up the DagBag from /opt/airflow/dags/postgresql-42.2.23.jar
[2025-04-30T05:49:11.457+0000] {processor.py:842} WARNING - No viable dags retrieved from /opt/airflow/dags/postgresql-42.2.23.jar
[2025-04-30T05:49:11.481+0000] {processor.py:183} INFO - Processing /opt/airflow/dags/postgresql-42.2.23.jar took 0.068 seconds
[2025-04-30T05:49:42.588+0000] {processor.py:161} INFO - Started process (PID=549) to work on /opt/airflow/dags/postgresql-42.2.23.jar
[2025-04-30T05:49:42.590+0000] {processor.py:830} INFO - Processing file /opt/airflow/dags/postgresql-42.2.23.jar for tasks to queue
[2025-04-30T05:49:42.592+0000] {logging_mixin.py:188} INFO - [2025-04-30T05:49:42.591+0000] {dagbag.py:545} INFO - Filling up the DagBag from /opt/airflow/dags/postgresql-42.2.23.jar
[2025-04-30T05:49:42.625+0000] {processor.py:842} WARNING - No viable dags retrieved from /opt/airflow/dags/postgresql-42.2.23.jar
[2025-04-30T05:49:42.645+0000] {processor.py:183} INFO - Processing /opt/airflow/dags/postgresql-42.2.23.jar took 0.070 seconds
[2025-04-30T05:50:13.331+0000] {processor.py:161} INFO - Started process (PID=559) to work on /opt/airflow/dags/postgresql-42.2.23.jar
[2025-04-30T05:50:13.334+0000] {processor.py:830} INFO - Processing file /opt/airflow/dags/postgresql-42.2.23.jar for tasks to queue
[2025-04-30T05:50:13.337+0000] {logging_mixin.py:188} INFO - [2025-04-30T05:50:13.336+0000] {dagbag.py:545} INFO - Filling up the DagBag from /opt/airflow/dags/postgresql-42.2.23.jar
[2025-04-30T05:50:13.375+0000] {processor.py:842} WARNING - No viable dags retrieved from /opt/airflow/dags/postgresql-42.2.23.jar
[2025-04-30T05:50:13.411+0000] {processor.py:183} INFO - Processing /opt/airflow/dags/postgresql-42.2.23.jar took 0.100 seconds
[2025-04-30T05:50:43.929+0000] {processor.py:161} INFO - Started process (PID=569) to work on /opt/airflow/dags/postgresql-42.2.23.jar
[2025-04-30T05:50:43.931+0000] {processor.py:830} INFO - Processing file /opt/airflow/dags/postgresql-42.2.23.jar for tasks to queue
[2025-04-30T05:50:43.933+0000] {logging_mixin.py:188} INFO - [2025-04-30T05:50:43.933+0000] {dagbag.py:545} INFO - Filling up the DagBag from /opt/airflow/dags/postgresql-42.2.23.jar
[2025-04-30T05:50:43.974+0000] {processor.py:842} WARNING - No viable dags retrieved from /opt/airflow/dags/postgresql-42.2.23.jar
[2025-04-30T05:50:43.997+0000] {processor.py:183} INFO - Processing /opt/airflow/dags/postgresql-42.2.23.jar took 0.082 seconds
[2025-04-30T05:51:14.578+0000] {processor.py:161} INFO - Started process (PID=579) to work on /opt/airflow/dags/postgresql-42.2.23.jar
[2025-04-30T05:51:14.579+0000] {processor.py:830} INFO - Processing file /opt/airflow/dags/postgresql-42.2.23.jar for tasks to queue
[2025-04-30T05:51:14.581+0000] {logging_mixin.py:188} INFO - [2025-04-30T05:51:14.581+0000] {dagbag.py:545} INFO - Filling up the DagBag from /opt/airflow/dags/postgresql-42.2.23.jar
[2025-04-30T05:51:14.607+0000] {processor.py:842} WARNING - No viable dags retrieved from /opt/airflow/dags/postgresql-42.2.23.jar
[2025-04-30T05:51:14.632+0000] {processor.py:183} INFO - Processing /opt/airflow/dags/postgresql-42.2.23.jar took 0.066 seconds
[2025-04-30T05:51:45.291+0000] {processor.py:161} INFO - Started process (PID=589) to work on /opt/airflow/dags/postgresql-42.2.23.jar
[2025-04-30T05:51:45.292+0000] {processor.py:830} INFO - Processing file /opt/airflow/dags/postgresql-42.2.23.jar for tasks to queue
[2025-04-30T05:51:45.294+0000] {logging_mixin.py:188} INFO - [2025-04-30T05:51:45.294+0000] {dagbag.py:545} INFO - Filling up the DagBag from /opt/airflow/dags/postgresql-42.2.23.jar
[2025-04-30T05:51:45.328+0000] {processor.py:842} WARNING - No viable dags retrieved from /opt/airflow/dags/postgresql-42.2.23.jar
[2025-04-30T05:51:45.357+0000] {processor.py:183} INFO - Processing /opt/airflow/dags/postgresql-42.2.23.jar took 0.079 seconds
[2025-04-30T05:52:16.078+0000] {processor.py:161} INFO - Started process (PID=599) to work on /opt/airflow/dags/postgresql-42.2.23.jar
[2025-04-30T05:52:16.080+0000] {processor.py:830} INFO - Processing file /opt/airflow/dags/postgresql-42.2.23.jar for tasks to queue
[2025-04-30T05:52:16.082+0000] {logging_mixin.py:188} INFO - [2025-04-30T05:52:16.081+0000] {dagbag.py:545} INFO - Filling up the DagBag from /opt/airflow/dags/postgresql-42.2.23.jar
[2025-04-30T05:52:16.113+0000] {processor.py:842} WARNING - No viable dags retrieved from /opt/airflow/dags/postgresql-42.2.23.jar
[2025-04-30T05:52:16.144+0000] {processor.py:183} INFO - Processing /opt/airflow/dags/postgresql-42.2.23.jar took 0.077 seconds
[2025-04-30T05:52:46.567+0000] {processor.py:161} INFO - Started process (PID=609) to work on /opt/airflow/dags/postgresql-42.2.23.jar
[2025-04-30T05:52:46.569+0000] {processor.py:830} INFO - Processing file /opt/airflow/dags/postgresql-42.2.23.jar for tasks to queue
[2025-04-30T05:52:46.571+0000] {logging_mixin.py:188} INFO - [2025-04-30T05:52:46.570+0000] {dagbag.py:545} INFO - Filling up the DagBag from /opt/airflow/dags/postgresql-42.2.23.jar
[2025-04-30T05:52:46.598+0000] {processor.py:842} WARNING - No viable dags retrieved from /opt/airflow/dags/postgresql-42.2.23.jar
[2025-04-30T05:52:46.620+0000] {processor.py:183} INFO - Processing /opt/airflow/dags/postgresql-42.2.23.jar took 0.063 seconds
[2025-04-30T05:53:16.999+0000] {processor.py:161} INFO - Started process (PID=619) to work on /opt/airflow/dags/postgresql-42.2.23.jar
[2025-04-30T05:53:17.003+0000] {processor.py:830} INFO - Processing file /opt/airflow/dags/postgresql-42.2.23.jar for tasks to queue
[2025-04-30T05:53:17.009+0000] {logging_mixin.py:188} INFO - [2025-04-30T05:53:17.008+0000] {dagbag.py:545} INFO - Filling up the DagBag from /opt/airflow/dags/postgresql-42.2.23.jar
[2025-04-30T05:53:17.052+0000] {processor.py:842} WARNING - No viable dags retrieved from /opt/airflow/dags/postgresql-42.2.23.jar
[2025-04-30T05:53:17.075+0000] {processor.py:183} INFO - Processing /opt/airflow/dags/postgresql-42.2.23.jar took 0.091 seconds
[2025-04-30T05:53:47.941+0000] {processor.py:161} INFO - Started process (PID=629) to work on /opt/airflow/dags/postgresql-42.2.23.jar
[2025-04-30T05:53:47.942+0000] {processor.py:830} INFO - Processing file /opt/airflow/dags/postgresql-42.2.23.jar for tasks to queue
[2025-04-30T05:53:47.944+0000] {logging_mixin.py:188} INFO - [2025-04-30T05:53:47.943+0000] {dagbag.py:545} INFO - Filling up the DagBag from /opt/airflow/dags/postgresql-42.2.23.jar
[2025-04-30T05:53:47.975+0000] {processor.py:842} WARNING - No viable dags retrieved from /opt/airflow/dags/postgresql-42.2.23.jar
[2025-04-30T05:53:47.999+0000] {processor.py:183} INFO - Processing /opt/airflow/dags/postgresql-42.2.23.jar took 0.069 seconds
[2025-04-30T05:54:19.069+0000] {processor.py:161} INFO - Started process (PID=639) to work on /opt/airflow/dags/postgresql-42.2.23.jar
[2025-04-30T05:54:19.071+0000] {processor.py:830} INFO - Processing file /opt/airflow/dags/postgresql-42.2.23.jar for tasks to queue
[2025-04-30T05:54:19.074+0000] {logging_mixin.py:188} INFO - [2025-04-30T05:54:19.073+0000] {dagbag.py:545} INFO - Filling up the DagBag from /opt/airflow/dags/postgresql-42.2.23.jar
[2025-04-30T05:54:19.110+0000] {processor.py:842} WARNING - No viable dags retrieved from /opt/airflow/dags/postgresql-42.2.23.jar
[2025-04-30T05:54:19.135+0000] {processor.py:183} INFO - Processing /opt/airflow/dags/postgresql-42.2.23.jar took 0.078 seconds
[2025-04-30T05:54:49.852+0000] {processor.py:161} INFO - Started process (PID=649) to work on /opt/airflow/dags/postgresql-42.2.23.jar
[2025-04-30T05:54:49.854+0000] {processor.py:830} INFO - Processing file /opt/airflow/dags/postgresql-42.2.23.jar for tasks to queue
[2025-04-30T05:54:49.856+0000] {logging_mixin.py:188} INFO - [2025-04-30T05:54:49.856+0000] {dagbag.py:545} INFO - Filling up the DagBag from /opt/airflow/dags/postgresql-42.2.23.jar
[2025-04-30T05:54:49.894+0000] {processor.py:842} WARNING - No viable dags retrieved from /opt/airflow/dags/postgresql-42.2.23.jar
[2025-04-30T05:54:49.921+0000] {processor.py:183} INFO - Processing /opt/airflow/dags/postgresql-42.2.23.jar took 0.083 seconds
[2025-04-30T05:55:20.270+0000] {processor.py:161} INFO - Started process (PID=659) to work on /opt/airflow/dags/postgresql-42.2.23.jar
[2025-04-30T05:55:20.272+0000] {processor.py:830} INFO - Processing file /opt/airflow/dags/postgresql-42.2.23.jar for tasks to queue
[2025-04-30T05:55:20.274+0000] {logging_mixin.py:188} INFO - [2025-04-30T05:55:20.274+0000] {dagbag.py:545} INFO - Filling up the DagBag from /opt/airflow/dags/postgresql-42.2.23.jar
[2025-04-30T05:55:20.309+0000] {processor.py:842} WARNING - No viable dags retrieved from /opt/airflow/dags/postgresql-42.2.23.jar
[2025-04-30T05:55:20.337+0000] {processor.py:183} INFO - Processing /opt/airflow/dags/postgresql-42.2.23.jar took 0.079 seconds
[2025-04-30T05:55:50.869+0000] {processor.py:161} INFO - Started process (PID=669) to work on /opt/airflow/dags/postgresql-42.2.23.jar
[2025-04-30T05:55:50.871+0000] {processor.py:830} INFO - Processing file /opt/airflow/dags/postgresql-42.2.23.jar for tasks to queue
[2025-04-30T05:55:50.874+0000] {logging_mixin.py:188} INFO - [2025-04-30T05:55:50.873+0000] {dagbag.py:545} INFO - Filling up the DagBag from /opt/airflow/dags/postgresql-42.2.23.jar
[2025-04-30T05:55:50.917+0000] {processor.py:842} WARNING - No viable dags retrieved from /opt/airflow/dags/postgresql-42.2.23.jar
[2025-04-30T05:55:50.948+0000] {processor.py:183} INFO - Processing /opt/airflow/dags/postgresql-42.2.23.jar took 0.096 seconds
[2025-04-30T05:56:21.510+0000] {processor.py:161} INFO - Started process (PID=679) to work on /opt/airflow/dags/postgresql-42.2.23.jar
[2025-04-30T05:56:21.511+0000] {processor.py:830} INFO - Processing file /opt/airflow/dags/postgresql-42.2.23.jar for tasks to queue
[2025-04-30T05:56:21.513+0000] {logging_mixin.py:188} INFO - [2025-04-30T05:56:21.512+0000] {dagbag.py:545} INFO - Filling up the DagBag from /opt/airflow/dags/postgresql-42.2.23.jar
[2025-04-30T05:56:21.551+0000] {processor.py:842} WARNING - No viable dags retrieved from /opt/airflow/dags/postgresql-42.2.23.jar
[2025-04-30T05:56:21.593+0000] {processor.py:183} INFO - Processing /opt/airflow/dags/postgresql-42.2.23.jar took 0.120 seconds
[2025-04-30T05:56:52.846+0000] {processor.py:161} INFO - Started process (PID=689) to work on /opt/airflow/dags/postgresql-42.2.23.jar
[2025-04-30T05:56:52.848+0000] {processor.py:830} INFO - Processing file /opt/airflow/dags/postgresql-42.2.23.jar for tasks to queue
[2025-04-30T05:56:52.849+0000] {logging_mixin.py:188} INFO - [2025-04-30T05:56:52.849+0000] {dagbag.py:545} INFO - Filling up the DagBag from /opt/airflow/dags/postgresql-42.2.23.jar
[2025-04-30T05:56:52.881+0000] {processor.py:842} WARNING - No viable dags retrieved from /opt/airflow/dags/postgresql-42.2.23.jar
[2025-04-30T05:56:52.904+0000] {processor.py:183} INFO - Processing /opt/airflow/dags/postgresql-42.2.23.jar took 0.082 seconds
[2025-04-30T05:57:23.731+0000] {processor.py:161} INFO - Started process (PID=699) to work on /opt/airflow/dags/postgresql-42.2.23.jar
[2025-04-30T05:57:23.733+0000] {processor.py:830} INFO - Processing file /opt/airflow/dags/postgresql-42.2.23.jar for tasks to queue
[2025-04-30T05:57:23.735+0000] {logging_mixin.py:188} INFO - [2025-04-30T05:57:23.734+0000] {dagbag.py:545} INFO - Filling up the DagBag from /opt/airflow/dags/postgresql-42.2.23.jar
[2025-04-30T05:57:23.765+0000] {processor.py:842} WARNING - No viable dags retrieved from /opt/airflow/dags/postgresql-42.2.23.jar
[2025-04-30T05:57:23.788+0000] {processor.py:183} INFO - Processing /opt/airflow/dags/postgresql-42.2.23.jar took 0.068 seconds
[2025-04-30T05:57:54.097+0000] {processor.py:161} INFO - Started process (PID=709) to work on /opt/airflow/dags/postgresql-42.2.23.jar
[2025-04-30T05:57:54.100+0000] {processor.py:830} INFO - Processing file /opt/airflow/dags/postgresql-42.2.23.jar for tasks to queue
[2025-04-30T05:57:54.102+0000] {logging_mixin.py:188} INFO - [2025-04-30T05:57:54.101+0000] {dagbag.py:545} INFO - Filling up the DagBag from /opt/airflow/dags/postgresql-42.2.23.jar
[2025-04-30T05:57:54.138+0000] {processor.py:842} WARNING - No viable dags retrieved from /opt/airflow/dags/postgresql-42.2.23.jar
[2025-04-30T05:57:54.163+0000] {processor.py:183} INFO - Processing /opt/airflow/dags/postgresql-42.2.23.jar took 0.078 seconds
[2025-04-30T05:58:24.585+0000] {processor.py:161} INFO - Started process (PID=719) to work on /opt/airflow/dags/postgresql-42.2.23.jar
[2025-04-30T05:58:24.589+0000] {processor.py:830} INFO - Processing file /opt/airflow/dags/postgresql-42.2.23.jar for tasks to queue
[2025-04-30T05:58:24.592+0000] {logging_mixin.py:188} INFO - [2025-04-30T05:58:24.591+0000] {dagbag.py:545} INFO - Filling up the DagBag from /opt/airflow/dags/postgresql-42.2.23.jar
[2025-04-30T05:58:24.637+0000] {processor.py:842} WARNING - No viable dags retrieved from /opt/airflow/dags/postgresql-42.2.23.jar
[2025-04-30T05:58:24.669+0000] {processor.py:183} INFO - Processing /opt/airflow/dags/postgresql-42.2.23.jar took 0.102 seconds
[2025-04-30T05:58:55.010+0000] {processor.py:161} INFO - Started process (PID=730) to work on /opt/airflow/dags/postgresql-42.2.23.jar
[2025-04-30T05:58:55.011+0000] {processor.py:830} INFO - Processing file /opt/airflow/dags/postgresql-42.2.23.jar for tasks to queue
[2025-04-30T05:58:55.012+0000] {logging_mixin.py:188} INFO - [2025-04-30T05:58:55.012+0000] {dagbag.py:545} INFO - Filling up the DagBag from /opt/airflow/dags/postgresql-42.2.23.jar
[2025-04-30T05:58:55.031+0000] {processor.py:842} WARNING - No viable dags retrieved from /opt/airflow/dags/postgresql-42.2.23.jar
[2025-04-30T05:58:55.043+0000] {processor.py:183} INFO - Processing /opt/airflow/dags/postgresql-42.2.23.jar took 0.040 seconds
[2025-04-30T05:59:25.316+0000] {processor.py:161} INFO - Started process (PID=740) to work on /opt/airflow/dags/postgresql-42.2.23.jar
[2025-04-30T05:59:25.317+0000] {processor.py:830} INFO - Processing file /opt/airflow/dags/postgresql-42.2.23.jar for tasks to queue
[2025-04-30T05:59:25.318+0000] {logging_mixin.py:188} INFO - [2025-04-30T05:59:25.318+0000] {dagbag.py:545} INFO - Filling up the DagBag from /opt/airflow/dags/postgresql-42.2.23.jar
[2025-04-30T05:59:25.336+0000] {processor.py:842} WARNING - No viable dags retrieved from /opt/airflow/dags/postgresql-42.2.23.jar
[2025-04-30T05:59:25.351+0000] {processor.py:183} INFO - Processing /opt/airflow/dags/postgresql-42.2.23.jar took 0.043 seconds
[2025-04-30T05:59:56.383+0000] {processor.py:161} INFO - Started process (PID=750) to work on /opt/airflow/dags/postgresql-42.2.23.jar
[2025-04-30T05:59:56.384+0000] {processor.py:830} INFO - Processing file /opt/airflow/dags/postgresql-42.2.23.jar for tasks to queue
[2025-04-30T05:59:56.386+0000] {logging_mixin.py:188} INFO - [2025-04-30T05:59:56.385+0000] {dagbag.py:545} INFO - Filling up the DagBag from /opt/airflow/dags/postgresql-42.2.23.jar
[2025-04-30T05:59:56.411+0000] {processor.py:842} WARNING - No viable dags retrieved from /opt/airflow/dags/postgresql-42.2.23.jar
[2025-04-30T05:59:56.429+0000] {processor.py:183} INFO - Processing /opt/airflow/dags/postgresql-42.2.23.jar took 0.054 seconds
[2025-04-30T06:00:27.385+0000] {processor.py:161} INFO - Started process (PID=760) to work on /opt/airflow/dags/postgresql-42.2.23.jar
[2025-04-30T06:00:27.388+0000] {processor.py:830} INFO - Processing file /opt/airflow/dags/postgresql-42.2.23.jar for tasks to queue
[2025-04-30T06:00:27.390+0000] {logging_mixin.py:188} INFO - [2025-04-30T06:00:27.389+0000] {dagbag.py:545} INFO - Filling up the DagBag from /opt/airflow/dags/postgresql-42.2.23.jar
[2025-04-30T06:00:27.410+0000] {processor.py:842} WARNING - No viable dags retrieved from /opt/airflow/dags/postgresql-42.2.23.jar
[2025-04-30T06:00:27.427+0000] {processor.py:183} INFO - Processing /opt/airflow/dags/postgresql-42.2.23.jar took 0.048 seconds
[2025-04-30T06:00:57.686+0000] {processor.py:161} INFO - Started process (PID=770) to work on /opt/airflow/dags/postgresql-42.2.23.jar
[2025-04-30T06:00:57.687+0000] {processor.py:830} INFO - Processing file /opt/airflow/dags/postgresql-42.2.23.jar for tasks to queue
[2025-04-30T06:00:57.688+0000] {logging_mixin.py:188} INFO - [2025-04-30T06:00:57.688+0000] {dagbag.py:545} INFO - Filling up the DagBag from /opt/airflow/dags/postgresql-42.2.23.jar
[2025-04-30T06:00:57.707+0000] {processor.py:842} WARNING - No viable dags retrieved from /opt/airflow/dags/postgresql-42.2.23.jar
[2025-04-30T06:00:57.721+0000] {processor.py:183} INFO - Processing /opt/airflow/dags/postgresql-42.2.23.jar took 0.042 seconds
[2025-04-30T06:01:27.941+0000] {processor.py:161} INFO - Started process (PID=780) to work on /opt/airflow/dags/postgresql-42.2.23.jar
[2025-04-30T06:01:27.943+0000] {processor.py:830} INFO - Processing file /opt/airflow/dags/postgresql-42.2.23.jar for tasks to queue
[2025-04-30T06:01:27.944+0000] {logging_mixin.py:188} INFO - [2025-04-30T06:01:27.943+0000] {dagbag.py:545} INFO - Filling up the DagBag from /opt/airflow/dags/postgresql-42.2.23.jar
[2025-04-30T06:01:27.963+0000] {processor.py:842} WARNING - No viable dags retrieved from /opt/airflow/dags/postgresql-42.2.23.jar
[2025-04-30T06:01:27.977+0000] {processor.py:183} INFO - Processing /opt/airflow/dags/postgresql-42.2.23.jar took 0.042 seconds
[2025-04-30T06:01:58.153+0000] {processor.py:161} INFO - Started process (PID=790) to work on /opt/airflow/dags/postgresql-42.2.23.jar
[2025-04-30T06:01:58.154+0000] {processor.py:830} INFO - Processing file /opt/airflow/dags/postgresql-42.2.23.jar for tasks to queue
[2025-04-30T06:01:58.155+0000] {logging_mixin.py:188} INFO - [2025-04-30T06:01:58.155+0000] {dagbag.py:545} INFO - Filling up the DagBag from /opt/airflow/dags/postgresql-42.2.23.jar
[2025-04-30T06:01:58.177+0000] {processor.py:842} WARNING - No viable dags retrieved from /opt/airflow/dags/postgresql-42.2.23.jar
[2025-04-30T06:01:58.192+0000] {processor.py:183} INFO - Processing /opt/airflow/dags/postgresql-42.2.23.jar took 0.047 seconds
[2025-04-30T06:02:29.171+0000] {processor.py:161} INFO - Started process (PID=806) to work on /opt/airflow/dags/postgresql-42.2.23.jar
[2025-04-30T06:02:29.173+0000] {processor.py:830} INFO - Processing file /opt/airflow/dags/postgresql-42.2.23.jar for tasks to queue
[2025-04-30T06:02:29.174+0000] {logging_mixin.py:188} INFO - [2025-04-30T06:02:29.173+0000] {dagbag.py:545} INFO - Filling up the DagBag from /opt/airflow/dags/postgresql-42.2.23.jar
[2025-04-30T06:02:29.195+0000] {processor.py:842} WARNING - No viable dags retrieved from /opt/airflow/dags/postgresql-42.2.23.jar
[2025-04-30T06:02:29.211+0000] {processor.py:183} INFO - Processing /opt/airflow/dags/postgresql-42.2.23.jar took 0.048 seconds
[2025-04-30T06:03:00.330+0000] {processor.py:161} INFO - Started process (PID=816) to work on /opt/airflow/dags/postgresql-42.2.23.jar
[2025-04-30T06:03:00.331+0000] {processor.py:830} INFO - Processing file /opt/airflow/dags/postgresql-42.2.23.jar for tasks to queue
[2025-04-30T06:03:00.332+0000] {logging_mixin.py:188} INFO - [2025-04-30T06:03:00.332+0000] {dagbag.py:545} INFO - Filling up the DagBag from /opt/airflow/dags/postgresql-42.2.23.jar
[2025-04-30T06:03:00.351+0000] {processor.py:842} WARNING - No viable dags retrieved from /opt/airflow/dags/postgresql-42.2.23.jar
[2025-04-30T06:03:00.364+0000] {processor.py:183} INFO - Processing /opt/airflow/dags/postgresql-42.2.23.jar took 0.043 seconds
[2025-04-30T06:03:31.440+0000] {processor.py:161} INFO - Started process (PID=826) to work on /opt/airflow/dags/postgresql-42.2.23.jar
[2025-04-30T06:03:31.441+0000] {processor.py:830} INFO - Processing file /opt/airflow/dags/postgresql-42.2.23.jar for tasks to queue
[2025-04-30T06:03:31.443+0000] {logging_mixin.py:188} INFO - [2025-04-30T06:03:31.442+0000] {dagbag.py:545} INFO - Filling up the DagBag from /opt/airflow/dags/postgresql-42.2.23.jar
[2025-04-30T06:03:31.461+0000] {processor.py:842} WARNING - No viable dags retrieved from /opt/airflow/dags/postgresql-42.2.23.jar
[2025-04-30T06:03:31.475+0000] {processor.py:183} INFO - Processing /opt/airflow/dags/postgresql-42.2.23.jar took 0.043 seconds
[2025-04-30T06:04:02.582+0000] {processor.py:161} INFO - Started process (PID=836) to work on /opt/airflow/dags/postgresql-42.2.23.jar
[2025-04-30T06:04:02.587+0000] {processor.py:830} INFO - Processing file /opt/airflow/dags/postgresql-42.2.23.jar for tasks to queue
[2025-04-30T06:04:02.588+0000] {logging_mixin.py:188} INFO - [2025-04-30T06:04:02.588+0000] {dagbag.py:545} INFO - Filling up the DagBag from /opt/airflow/dags/postgresql-42.2.23.jar
[2025-04-30T06:04:02.606+0000] {processor.py:842} WARNING - No viable dags retrieved from /opt/airflow/dags/postgresql-42.2.23.jar
[2025-04-30T06:04:02.620+0000] {processor.py:183} INFO - Processing /opt/airflow/dags/postgresql-42.2.23.jar took 0.046 seconds
[2025-04-30T06:04:32.906+0000] {processor.py:161} INFO - Started process (PID=846) to work on /opt/airflow/dags/postgresql-42.2.23.jar
[2025-04-30T06:04:32.908+0000] {processor.py:830} INFO - Processing file /opt/airflow/dags/postgresql-42.2.23.jar for tasks to queue
[2025-04-30T06:04:32.909+0000] {logging_mixin.py:188} INFO - [2025-04-30T06:04:32.908+0000] {dagbag.py:545} INFO - Filling up the DagBag from /opt/airflow/dags/postgresql-42.2.23.jar
[2025-04-30T06:04:32.928+0000] {processor.py:842} WARNING - No viable dags retrieved from /opt/airflow/dags/postgresql-42.2.23.jar
[2025-04-30T06:04:32.944+0000] {processor.py:183} INFO - Processing /opt/airflow/dags/postgresql-42.2.23.jar took 0.045 seconds
[2025-04-30T06:05:03.918+0000] {processor.py:161} INFO - Started process (PID=856) to work on /opt/airflow/dags/postgresql-42.2.23.jar
[2025-04-30T06:05:03.919+0000] {processor.py:830} INFO - Processing file /opt/airflow/dags/postgresql-42.2.23.jar for tasks to queue
[2025-04-30T06:05:03.920+0000] {logging_mixin.py:188} INFO - [2025-04-30T06:05:03.919+0000] {dagbag.py:545} INFO - Filling up the DagBag from /opt/airflow/dags/postgresql-42.2.23.jar
[2025-04-30T06:05:03.940+0000] {processor.py:842} WARNING - No viable dags retrieved from /opt/airflow/dags/postgresql-42.2.23.jar
[2025-04-30T06:05:03.955+0000] {processor.py:183} INFO - Processing /opt/airflow/dags/postgresql-42.2.23.jar took 0.048 seconds
[2025-04-30T06:05:34.981+0000] {processor.py:161} INFO - Started process (PID=866) to work on /opt/airflow/dags/postgresql-42.2.23.jar
[2025-04-30T06:05:34.982+0000] {processor.py:830} INFO - Processing file /opt/airflow/dags/postgresql-42.2.23.jar for tasks to queue
[2025-04-30T06:05:34.983+0000] {logging_mixin.py:188} INFO - [2025-04-30T06:05:34.983+0000] {dagbag.py:545} INFO - Filling up the DagBag from /opt/airflow/dags/postgresql-42.2.23.jar
[2025-04-30T06:05:35.001+0000] {processor.py:842} WARNING - No viable dags retrieved from /opt/airflow/dags/postgresql-42.2.23.jar
[2025-04-30T06:05:35.016+0000] {processor.py:183} INFO - Processing /opt/airflow/dags/postgresql-42.2.23.jar took 0.041 seconds
[2025-04-30T06:06:05.298+0000] {processor.py:161} INFO - Started process (PID=876) to work on /opt/airflow/dags/postgresql-42.2.23.jar
[2025-04-30T06:06:05.299+0000] {processor.py:830} INFO - Processing file /opt/airflow/dags/postgresql-42.2.23.jar for tasks to queue
[2025-04-30T06:06:05.301+0000] {logging_mixin.py:188} INFO - [2025-04-30T06:06:05.300+0000] {dagbag.py:545} INFO - Filling up the DagBag from /opt/airflow/dags/postgresql-42.2.23.jar
[2025-04-30T06:06:05.321+0000] {processor.py:842} WARNING - No viable dags retrieved from /opt/airflow/dags/postgresql-42.2.23.jar
[2025-04-30T06:06:05.335+0000] {processor.py:183} INFO - Processing /opt/airflow/dags/postgresql-42.2.23.jar took 0.044 seconds
[2025-04-30T06:06:36.041+0000] {processor.py:161} INFO - Started process (PID=886) to work on /opt/airflow/dags/postgresql-42.2.23.jar
[2025-04-30T06:06:36.042+0000] {processor.py:830} INFO - Processing file /opt/airflow/dags/postgresql-42.2.23.jar for tasks to queue
[2025-04-30T06:06:36.043+0000] {logging_mixin.py:188} INFO - [2025-04-30T06:06:36.043+0000] {dagbag.py:545} INFO - Filling up the DagBag from /opt/airflow/dags/postgresql-42.2.23.jar
[2025-04-30T06:06:36.061+0000] {processor.py:842} WARNING - No viable dags retrieved from /opt/airflow/dags/postgresql-42.2.23.jar
[2025-04-30T06:06:36.075+0000] {processor.py:183} INFO - Processing /opt/airflow/dags/postgresql-42.2.23.jar took 0.039 seconds
[2025-04-30T06:07:07.027+0000] {processor.py:161} INFO - Started process (PID=896) to work on /opt/airflow/dags/postgresql-42.2.23.jar
[2025-04-30T06:07:07.028+0000] {processor.py:830} INFO - Processing file /opt/airflow/dags/postgresql-42.2.23.jar for tasks to queue
[2025-04-30T06:07:07.029+0000] {logging_mixin.py:188} INFO - [2025-04-30T06:07:07.029+0000] {dagbag.py:545} INFO - Filling up the DagBag from /opt/airflow/dags/postgresql-42.2.23.jar
[2025-04-30T06:07:07.048+0000] {processor.py:842} WARNING - No viable dags retrieved from /opt/airflow/dags/postgresql-42.2.23.jar
[2025-04-30T06:07:07.061+0000] {processor.py:183} INFO - Processing /opt/airflow/dags/postgresql-42.2.23.jar took 0.043 seconds
[2025-04-30T06:07:37.987+0000] {processor.py:161} INFO - Started process (PID=906) to work on /opt/airflow/dags/postgresql-42.2.23.jar
[2025-04-30T06:07:37.989+0000] {processor.py:830} INFO - Processing file /opt/airflow/dags/postgresql-42.2.23.jar for tasks to queue
[2025-04-30T06:07:37.990+0000] {logging_mixin.py:188} INFO - [2025-04-30T06:07:37.990+0000] {dagbag.py:545} INFO - Filling up the DagBag from /opt/airflow/dags/postgresql-42.2.23.jar
[2025-04-30T06:07:38.009+0000] {processor.py:842} WARNING - No viable dags retrieved from /opt/airflow/dags/postgresql-42.2.23.jar
[2025-04-30T06:07:38.024+0000] {processor.py:183} INFO - Processing /opt/airflow/dags/postgresql-42.2.23.jar took 0.045 seconds
[2025-04-30T06:08:08.991+0000] {processor.py:161} INFO - Started process (PID=916) to work on /opt/airflow/dags/postgresql-42.2.23.jar
[2025-04-30T06:08:08.992+0000] {processor.py:830} INFO - Processing file /opt/airflow/dags/postgresql-42.2.23.jar for tasks to queue
[2025-04-30T06:08:08.993+0000] {logging_mixin.py:188} INFO - [2025-04-30T06:08:08.993+0000] {dagbag.py:545} INFO - Filling up the DagBag from /opt/airflow/dags/postgresql-42.2.23.jar
[2025-04-30T06:08:09.015+0000] {processor.py:842} WARNING - No viable dags retrieved from /opt/airflow/dags/postgresql-42.2.23.jar
[2025-04-30T06:08:09.029+0000] {processor.py:183} INFO - Processing /opt/airflow/dags/postgresql-42.2.23.jar took 0.047 seconds
[2025-04-30T06:08:39.843+0000] {processor.py:161} INFO - Started process (PID=926) to work on /opt/airflow/dags/postgresql-42.2.23.jar
[2025-04-30T06:08:39.844+0000] {processor.py:830} INFO - Processing file /opt/airflow/dags/postgresql-42.2.23.jar for tasks to queue
[2025-04-30T06:08:39.845+0000] {logging_mixin.py:188} INFO - [2025-04-30T06:08:39.845+0000] {dagbag.py:545} INFO - Filling up the DagBag from /opt/airflow/dags/postgresql-42.2.23.jar
[2025-04-30T06:08:39.864+0000] {processor.py:842} WARNING - No viable dags retrieved from /opt/airflow/dags/postgresql-42.2.23.jar
[2025-04-30T06:08:39.878+0000] {processor.py:183} INFO - Processing /opt/airflow/dags/postgresql-42.2.23.jar took 0.044 seconds
[2025-04-30T06:09:10.823+0000] {processor.py:161} INFO - Started process (PID=937) to work on /opt/airflow/dags/postgresql-42.2.23.jar
[2025-04-30T06:09:10.824+0000] {processor.py:830} INFO - Processing file /opt/airflow/dags/postgresql-42.2.23.jar for tasks to queue
[2025-04-30T06:09:10.825+0000] {logging_mixin.py:188} INFO - [2025-04-30T06:09:10.824+0000] {dagbag.py:545} INFO - Filling up the DagBag from /opt/airflow/dags/postgresql-42.2.23.jar
[2025-04-30T06:09:10.843+0000] {processor.py:842} WARNING - No viable dags retrieved from /opt/airflow/dags/postgresql-42.2.23.jar
[2025-04-30T06:09:10.858+0000] {processor.py:183} INFO - Processing /opt/airflow/dags/postgresql-42.2.23.jar took 0.042 seconds
[2025-04-30T06:09:41.740+0000] {processor.py:161} INFO - Started process (PID=947) to work on /opt/airflow/dags/postgresql-42.2.23.jar
[2025-04-30T06:09:41.741+0000] {processor.py:830} INFO - Processing file /opt/airflow/dags/postgresql-42.2.23.jar for tasks to queue
[2025-04-30T06:09:41.742+0000] {logging_mixin.py:188} INFO - [2025-04-30T06:09:41.742+0000] {dagbag.py:545} INFO - Filling up the DagBag from /opt/airflow/dags/postgresql-42.2.23.jar
[2025-04-30T06:09:41.760+0000] {processor.py:842} WARNING - No viable dags retrieved from /opt/airflow/dags/postgresql-42.2.23.jar
[2025-04-30T06:09:41.775+0000] {processor.py:183} INFO - Processing /opt/airflow/dags/postgresql-42.2.23.jar took 0.042 seconds
[2025-04-30T06:10:12.792+0000] {processor.py:161} INFO - Started process (PID=957) to work on /opt/airflow/dags/postgresql-42.2.23.jar
[2025-04-30T06:10:12.793+0000] {processor.py:830} INFO - Processing file /opt/airflow/dags/postgresql-42.2.23.jar for tasks to queue
[2025-04-30T06:10:12.794+0000] {logging_mixin.py:188} INFO - [2025-04-30T06:10:12.794+0000] {dagbag.py:545} INFO - Filling up the DagBag from /opt/airflow/dags/postgresql-42.2.23.jar
[2025-04-30T06:10:12.809+0000] {processor.py:842} WARNING - No viable dags retrieved from /opt/airflow/dags/postgresql-42.2.23.jar
[2025-04-30T06:10:12.822+0000] {processor.py:183} INFO - Processing /opt/airflow/dags/postgresql-42.2.23.jar took 0.036 seconds
[2025-04-30T06:10:43.559+0000] {processor.py:161} INFO - Started process (PID=967) to work on /opt/airflow/dags/postgresql-42.2.23.jar
[2025-04-30T06:10:43.560+0000] {processor.py:830} INFO - Processing file /opt/airflow/dags/postgresql-42.2.23.jar for tasks to queue
[2025-04-30T06:10:43.562+0000] {logging_mixin.py:188} INFO - [2025-04-30T06:10:43.561+0000] {dagbag.py:545} INFO - Filling up the DagBag from /opt/airflow/dags/postgresql-42.2.23.jar
[2025-04-30T06:10:43.585+0000] {processor.py:842} WARNING - No viable dags retrieved from /opt/airflow/dags/postgresql-42.2.23.jar
[2025-04-30T06:10:43.599+0000] {processor.py:183} INFO - Processing /opt/airflow/dags/postgresql-42.2.23.jar took 0.048 seconds
[2025-04-30T06:11:14.516+0000] {processor.py:161} INFO - Started process (PID=977) to work on /opt/airflow/dags/postgresql-42.2.23.jar
[2025-04-30T06:11:14.518+0000] {processor.py:830} INFO - Processing file /opt/airflow/dags/postgresql-42.2.23.jar for tasks to queue
[2025-04-30T06:11:14.520+0000] {logging_mixin.py:188} INFO - [2025-04-30T06:11:14.520+0000] {dagbag.py:545} INFO - Filling up the DagBag from /opt/airflow/dags/postgresql-42.2.23.jar
[2025-04-30T06:11:14.549+0000] {processor.py:842} WARNING - No viable dags retrieved from /opt/airflow/dags/postgresql-42.2.23.jar
[2025-04-30T06:11:14.572+0000] {processor.py:183} INFO - Processing /opt/airflow/dags/postgresql-42.2.23.jar took 0.069 seconds
[2025-04-30T06:11:45.420+0000] {processor.py:161} INFO - Started process (PID=987) to work on /opt/airflow/dags/postgresql-42.2.23.jar
[2025-04-30T06:11:45.421+0000] {processor.py:830} INFO - Processing file /opt/airflow/dags/postgresql-42.2.23.jar for tasks to queue
[2025-04-30T06:11:45.423+0000] {logging_mixin.py:188} INFO - [2025-04-30T06:11:45.422+0000] {dagbag.py:545} INFO - Filling up the DagBag from /opt/airflow/dags/postgresql-42.2.23.jar
[2025-04-30T06:11:45.443+0000] {processor.py:842} WARNING - No viable dags retrieved from /opt/airflow/dags/postgresql-42.2.23.jar
[2025-04-30T06:11:45.458+0000] {processor.py:183} INFO - Processing /opt/airflow/dags/postgresql-42.2.23.jar took 0.045 seconds
[2025-04-30T06:12:16.291+0000] {processor.py:161} INFO - Started process (PID=997) to work on /opt/airflow/dags/postgresql-42.2.23.jar
[2025-04-30T06:12:16.293+0000] {processor.py:830} INFO - Processing file /opt/airflow/dags/postgresql-42.2.23.jar for tasks to queue
[2025-04-30T06:12:16.294+0000] {logging_mixin.py:188} INFO - [2025-04-30T06:12:16.294+0000] {dagbag.py:545} INFO - Filling up the DagBag from /opt/airflow/dags/postgresql-42.2.23.jar
[2025-04-30T06:12:16.313+0000] {processor.py:842} WARNING - No viable dags retrieved from /opt/airflow/dags/postgresql-42.2.23.jar
[2025-04-30T06:12:16.331+0000] {processor.py:183} INFO - Processing /opt/airflow/dags/postgresql-42.2.23.jar took 0.046 seconds
[2025-04-30T06:12:47.261+0000] {processor.py:161} INFO - Started process (PID=1007) to work on /opt/airflow/dags/postgresql-42.2.23.jar
[2025-04-30T06:12:47.262+0000] {processor.py:830} INFO - Processing file /opt/airflow/dags/postgresql-42.2.23.jar for tasks to queue
[2025-04-30T06:12:47.264+0000] {logging_mixin.py:188} INFO - [2025-04-30T06:12:47.263+0000] {dagbag.py:545} INFO - Filling up the DagBag from /opt/airflow/dags/postgresql-42.2.23.jar
[2025-04-30T06:12:47.281+0000] {processor.py:842} WARNING - No viable dags retrieved from /opt/airflow/dags/postgresql-42.2.23.jar
[2025-04-30T06:12:47.293+0000] {processor.py:183} INFO - Processing /opt/airflow/dags/postgresql-42.2.23.jar took 0.039 seconds
[2025-04-30T06:13:18.125+0000] {processor.py:161} INFO - Started process (PID=1017) to work on /opt/airflow/dags/postgresql-42.2.23.jar
[2025-04-30T06:13:18.126+0000] {processor.py:830} INFO - Processing file /opt/airflow/dags/postgresql-42.2.23.jar for tasks to queue
[2025-04-30T06:13:18.133+0000] {logging_mixin.py:188} INFO - [2025-04-30T06:13:18.133+0000] {dagbag.py:545} INFO - Filling up the DagBag from /opt/airflow/dags/postgresql-42.2.23.jar
[2025-04-30T06:13:18.150+0000] {processor.py:842} WARNING - No viable dags retrieved from /opt/airflow/dags/postgresql-42.2.23.jar
[2025-04-30T06:13:18.164+0000] {processor.py:183} INFO - Processing /opt/airflow/dags/postgresql-42.2.23.jar took 0.046 seconds
[2025-04-30T06:13:49.069+0000] {processor.py:161} INFO - Started process (PID=1027) to work on /opt/airflow/dags/postgresql-42.2.23.jar
[2025-04-30T06:13:49.070+0000] {processor.py:830} INFO - Processing file /opt/airflow/dags/postgresql-42.2.23.jar for tasks to queue
[2025-04-30T06:13:49.071+0000] {logging_mixin.py:188} INFO - [2025-04-30T06:13:49.070+0000] {dagbag.py:545} INFO - Filling up the DagBag from /opt/airflow/dags/postgresql-42.2.23.jar
[2025-04-30T06:13:49.088+0000] {processor.py:842} WARNING - No viable dags retrieved from /opt/airflow/dags/postgresql-42.2.23.jar
[2025-04-30T06:13:49.103+0000] {processor.py:183} INFO - Processing /opt/airflow/dags/postgresql-42.2.23.jar took 0.040 seconds
[2025-04-30T06:14:20.140+0000] {processor.py:161} INFO - Started process (PID=1037) to work on /opt/airflow/dags/postgresql-42.2.23.jar
[2025-04-30T06:14:20.141+0000] {processor.py:830} INFO - Processing file /opt/airflow/dags/postgresql-42.2.23.jar for tasks to queue
[2025-04-30T06:14:20.142+0000] {logging_mixin.py:188} INFO - [2025-04-30T06:14:20.141+0000] {dagbag.py:545} INFO - Filling up the DagBag from /opt/airflow/dags/postgresql-42.2.23.jar
[2025-04-30T06:14:20.158+0000] {processor.py:842} WARNING - No viable dags retrieved from /opt/airflow/dags/postgresql-42.2.23.jar
[2025-04-30T06:14:20.171+0000] {processor.py:183} INFO - Processing /opt/airflow/dags/postgresql-42.2.23.jar took 0.037 seconds
[2025-04-30T06:14:51.146+0000] {processor.py:161} INFO - Started process (PID=1047) to work on /opt/airflow/dags/postgresql-42.2.23.jar
[2025-04-30T06:14:51.147+0000] {processor.py:830} INFO - Processing file /opt/airflow/dags/postgresql-42.2.23.jar for tasks to queue
[2025-04-30T06:14:51.149+0000] {logging_mixin.py:188} INFO - [2025-04-30T06:14:51.148+0000] {dagbag.py:545} INFO - Filling up the DagBag from /opt/airflow/dags/postgresql-42.2.23.jar
[2025-04-30T06:14:51.166+0000] {processor.py:842} WARNING - No viable dags retrieved from /opt/airflow/dags/postgresql-42.2.23.jar
[2025-04-30T06:14:51.180+0000] {processor.py:183} INFO - Processing /opt/airflow/dags/postgresql-42.2.23.jar took 0.042 seconds
[2025-04-30T06:15:22.036+0000] {processor.py:161} INFO - Started process (PID=1057) to work on /opt/airflow/dags/postgresql-42.2.23.jar
[2025-04-30T06:15:22.038+0000] {processor.py:830} INFO - Processing file /opt/airflow/dags/postgresql-42.2.23.jar for tasks to queue
[2025-04-30T06:15:22.039+0000] {logging_mixin.py:188} INFO - [2025-04-30T06:15:22.039+0000] {dagbag.py:545} INFO - Filling up the DagBag from /opt/airflow/dags/postgresql-42.2.23.jar
[2025-04-30T06:15:22.062+0000] {processor.py:842} WARNING - No viable dags retrieved from /opt/airflow/dags/postgresql-42.2.23.jar
[2025-04-30T06:15:22.086+0000] {processor.py:183} INFO - Processing /opt/airflow/dags/postgresql-42.2.23.jar took 0.062 seconds
[2025-04-30T06:15:53.192+0000] {processor.py:161} INFO - Started process (PID=1067) to work on /opt/airflow/dags/postgresql-42.2.23.jar
[2025-04-30T06:15:53.193+0000] {processor.py:830} INFO - Processing file /opt/airflow/dags/postgresql-42.2.23.jar for tasks to queue
[2025-04-30T06:15:53.194+0000] {logging_mixin.py:188} INFO - [2025-04-30T06:15:53.194+0000] {dagbag.py:545} INFO - Filling up the DagBag from /opt/airflow/dags/postgresql-42.2.23.jar
[2025-04-30T06:15:53.218+0000] {processor.py:842} WARNING - No viable dags retrieved from /opt/airflow/dags/postgresql-42.2.23.jar
[2025-04-30T06:15:53.233+0000] {processor.py:183} INFO - Processing /opt/airflow/dags/postgresql-42.2.23.jar took 0.047 seconds
[2025-04-30T06:16:23.529+0000] {processor.py:161} INFO - Started process (PID=1077) to work on /opt/airflow/dags/postgresql-42.2.23.jar
[2025-04-30T06:16:23.531+0000] {processor.py:830} INFO - Processing file /opt/airflow/dags/postgresql-42.2.23.jar for tasks to queue
[2025-04-30T06:16:23.532+0000] {logging_mixin.py:188} INFO - [2025-04-30T06:16:23.532+0000] {dagbag.py:545} INFO - Filling up the DagBag from /opt/airflow/dags/postgresql-42.2.23.jar
[2025-04-30T06:16:23.553+0000] {processor.py:842} WARNING - No viable dags retrieved from /opt/airflow/dags/postgresql-42.2.23.jar
[2025-04-30T06:16:23.569+0000] {processor.py:183} INFO - Processing /opt/airflow/dags/postgresql-42.2.23.jar took 0.047 seconds
[2025-04-30T06:16:54.565+0000] {processor.py:161} INFO - Started process (PID=1087) to work on /opt/airflow/dags/postgresql-42.2.23.jar
[2025-04-30T06:16:54.566+0000] {processor.py:830} INFO - Processing file /opt/airflow/dags/postgresql-42.2.23.jar for tasks to queue
[2025-04-30T06:16:54.567+0000] {logging_mixin.py:188} INFO - [2025-04-30T06:16:54.566+0000] {dagbag.py:545} INFO - Filling up the DagBag from /opt/airflow/dags/postgresql-42.2.23.jar
[2025-04-30T06:16:54.583+0000] {processor.py:842} WARNING - No viable dags retrieved from /opt/airflow/dags/postgresql-42.2.23.jar
[2025-04-30T06:16:54.596+0000] {processor.py:183} INFO - Processing /opt/airflow/dags/postgresql-42.2.23.jar took 0.040 seconds
[2025-04-30T06:17:25.632+0000] {processor.py:161} INFO - Started process (PID=1097) to work on /opt/airflow/dags/postgresql-42.2.23.jar
[2025-04-30T06:17:25.633+0000] {processor.py:830} INFO - Processing file /opt/airflow/dags/postgresql-42.2.23.jar for tasks to queue
[2025-04-30T06:17:25.634+0000] {logging_mixin.py:188} INFO - [2025-04-30T06:17:25.634+0000] {dagbag.py:545} INFO - Filling up the DagBag from /opt/airflow/dags/postgresql-42.2.23.jar
[2025-04-30T06:17:25.652+0000] {processor.py:842} WARNING - No viable dags retrieved from /opt/airflow/dags/postgresql-42.2.23.jar
[2025-04-30T06:17:25.670+0000] {processor.py:183} INFO - Processing /opt/airflow/dags/postgresql-42.2.23.jar took 0.046 seconds
[2025-04-30T06:17:56.633+0000] {processor.py:161} INFO - Started process (PID=1107) to work on /opt/airflow/dags/postgresql-42.2.23.jar
[2025-04-30T06:17:56.634+0000] {processor.py:830} INFO - Processing file /opt/airflow/dags/postgresql-42.2.23.jar for tasks to queue
[2025-04-30T06:17:56.635+0000] {logging_mixin.py:188} INFO - [2025-04-30T06:17:56.634+0000] {dagbag.py:545} INFO - Filling up the DagBag from /opt/airflow/dags/postgresql-42.2.23.jar
[2025-04-30T06:17:56.652+0000] {processor.py:842} WARNING - No viable dags retrieved from /opt/airflow/dags/postgresql-42.2.23.jar
[2025-04-30T06:17:56.665+0000] {processor.py:183} INFO - Processing /opt/airflow/dags/postgresql-42.2.23.jar took 0.038 seconds
[2025-04-30T06:18:27.534+0000] {processor.py:161} INFO - Started process (PID=1117) to work on /opt/airflow/dags/postgresql-42.2.23.jar
[2025-04-30T06:18:27.535+0000] {processor.py:830} INFO - Processing file /opt/airflow/dags/postgresql-42.2.23.jar for tasks to queue
[2025-04-30T06:18:27.536+0000] {logging_mixin.py:188} INFO - [2025-04-30T06:18:27.536+0000] {dagbag.py:545} INFO - Filling up the DagBag from /opt/airflow/dags/postgresql-42.2.23.jar
[2025-04-30T06:18:27.553+0000] {processor.py:842} WARNING - No viable dags retrieved from /opt/airflow/dags/postgresql-42.2.23.jar
[2025-04-30T06:18:27.567+0000] {processor.py:183} INFO - Processing /opt/airflow/dags/postgresql-42.2.23.jar took 0.040 seconds
[2025-04-30T06:18:58.420+0000] {processor.py:161} INFO - Started process (PID=1127) to work on /opt/airflow/dags/postgresql-42.2.23.jar
[2025-04-30T06:18:58.421+0000] {processor.py:830} INFO - Processing file /opt/airflow/dags/postgresql-42.2.23.jar for tasks to queue
[2025-04-30T06:18:58.422+0000] {logging_mixin.py:188} INFO - [2025-04-30T06:18:58.422+0000] {dagbag.py:545} INFO - Filling up the DagBag from /opt/airflow/dags/postgresql-42.2.23.jar
[2025-04-30T06:18:58.438+0000] {processor.py:842} WARNING - No viable dags retrieved from /opt/airflow/dags/postgresql-42.2.23.jar
[2025-04-30T06:18:58.458+0000] {processor.py:183} INFO - Processing /opt/airflow/dags/postgresql-42.2.23.jar took 0.045 seconds
[2025-04-30T06:19:29.489+0000] {processor.py:161} INFO - Started process (PID=1137) to work on /opt/airflow/dags/postgresql-42.2.23.jar
[2025-04-30T06:19:29.491+0000] {processor.py:830} INFO - Processing file /opt/airflow/dags/postgresql-42.2.23.jar for tasks to queue
[2025-04-30T06:19:29.492+0000] {logging_mixin.py:188} INFO - [2025-04-30T06:19:29.492+0000] {dagbag.py:545} INFO - Filling up the DagBag from /opt/airflow/dags/postgresql-42.2.23.jar
[2025-04-30T06:19:29.511+0000] {processor.py:842} WARNING - No viable dags retrieved from /opt/airflow/dags/postgresql-42.2.23.jar
[2025-04-30T06:19:29.527+0000] {processor.py:183} INFO - Processing /opt/airflow/dags/postgresql-42.2.23.jar took 0.047 seconds
[2025-04-30T06:20:00.541+0000] {processor.py:161} INFO - Started process (PID=1147) to work on /opt/airflow/dags/postgresql-42.2.23.jar
[2025-04-30T06:20:00.542+0000] {processor.py:830} INFO - Processing file /opt/airflow/dags/postgresql-42.2.23.jar for tasks to queue
[2025-04-30T06:20:00.544+0000] {logging_mixin.py:188} INFO - [2025-04-30T06:20:00.543+0000] {dagbag.py:545} INFO - Filling up the DagBag from /opt/airflow/dags/postgresql-42.2.23.jar
[2025-04-30T06:20:00.564+0000] {processor.py:842} WARNING - No viable dags retrieved from /opt/airflow/dags/postgresql-42.2.23.jar
[2025-04-30T06:20:00.581+0000] {processor.py:183} INFO - Processing /opt/airflow/dags/postgresql-42.2.23.jar took 0.051 seconds
[2025-04-30T06:20:31.501+0000] {processor.py:161} INFO - Started process (PID=1163) to work on /opt/airflow/dags/postgresql-42.2.23.jar
[2025-04-30T06:20:31.502+0000] {processor.py:830} INFO - Processing file /opt/airflow/dags/postgresql-42.2.23.jar for tasks to queue
[2025-04-30T06:20:31.503+0000] {logging_mixin.py:188} INFO - [2025-04-30T06:20:31.503+0000] {dagbag.py:545} INFO - Filling up the DagBag from /opt/airflow/dags/postgresql-42.2.23.jar
[2025-04-30T06:20:31.519+0000] {processor.py:842} WARNING - No viable dags retrieved from /opt/airflow/dags/postgresql-42.2.23.jar
[2025-04-30T06:20:31.533+0000] {processor.py:183} INFO - Processing /opt/airflow/dags/postgresql-42.2.23.jar took 0.039 seconds
[2025-04-30T06:21:02.599+0000] {processor.py:161} INFO - Started process (PID=1173) to work on /opt/airflow/dags/postgresql-42.2.23.jar
[2025-04-30T06:21:02.600+0000] {processor.py:830} INFO - Processing file /opt/airflow/dags/postgresql-42.2.23.jar for tasks to queue
[2025-04-30T06:21:02.601+0000] {logging_mixin.py:188} INFO - [2025-04-30T06:21:02.601+0000] {dagbag.py:545} INFO - Filling up the DagBag from /opt/airflow/dags/postgresql-42.2.23.jar
[2025-04-30T06:21:02.617+0000] {processor.py:842} WARNING - No viable dags retrieved from /opt/airflow/dags/postgresql-42.2.23.jar
[2025-04-30T06:21:02.631+0000] {processor.py:183} INFO - Processing /opt/airflow/dags/postgresql-42.2.23.jar took 0.039 seconds
[2025-04-30T06:21:33.807+0000] {processor.py:161} INFO - Started process (PID=1183) to work on /opt/airflow/dags/postgresql-42.2.23.jar
[2025-04-30T06:21:33.808+0000] {processor.py:830} INFO - Processing file /opt/airflow/dags/postgresql-42.2.23.jar for tasks to queue
[2025-04-30T06:21:33.809+0000] {logging_mixin.py:188} INFO - [2025-04-30T06:21:33.809+0000] {dagbag.py:545} INFO - Filling up the DagBag from /opt/airflow/dags/postgresql-42.2.23.jar
[2025-04-30T06:21:33.829+0000] {processor.py:842} WARNING - No viable dags retrieved from /opt/airflow/dags/postgresql-42.2.23.jar
[2025-04-30T06:21:33.843+0000] {processor.py:183} INFO - Processing /opt/airflow/dags/postgresql-42.2.23.jar took 0.045 seconds
[2025-04-30T06:22:04.733+0000] {processor.py:161} INFO - Started process (PID=1193) to work on /opt/airflow/dags/postgresql-42.2.23.jar
[2025-04-30T06:22:04.734+0000] {processor.py:830} INFO - Processing file /opt/airflow/dags/postgresql-42.2.23.jar for tasks to queue
[2025-04-30T06:22:04.735+0000] {logging_mixin.py:188} INFO - [2025-04-30T06:22:04.735+0000] {dagbag.py:545} INFO - Filling up the DagBag from /opt/airflow/dags/postgresql-42.2.23.jar
[2025-04-30T06:22:04.753+0000] {processor.py:842} WARNING - No viable dags retrieved from /opt/airflow/dags/postgresql-42.2.23.jar
[2025-04-30T06:22:04.767+0000] {processor.py:183} INFO - Processing /opt/airflow/dags/postgresql-42.2.23.jar took 0.042 seconds
[2025-04-30T06:22:35.747+0000] {processor.py:161} INFO - Started process (PID=1203) to work on /opt/airflow/dags/postgresql-42.2.23.jar
[2025-04-30T06:22:35.748+0000] {processor.py:830} INFO - Processing file /opt/airflow/dags/postgresql-42.2.23.jar for tasks to queue
[2025-04-30T06:22:35.749+0000] {logging_mixin.py:188} INFO - [2025-04-30T06:22:35.749+0000] {dagbag.py:545} INFO - Filling up the DagBag from /opt/airflow/dags/postgresql-42.2.23.jar
[2025-04-30T06:22:35.767+0000] {processor.py:842} WARNING - No viable dags retrieved from /opt/airflow/dags/postgresql-42.2.23.jar
[2025-04-30T06:22:35.809+0000] {processor.py:183} INFO - Processing /opt/airflow/dags/postgresql-42.2.23.jar took 0.073 seconds
[2025-04-30T06:23:06.049+0000] {processor.py:161} INFO - Started process (PID=1213) to work on /opt/airflow/dags/postgresql-42.2.23.jar
[2025-04-30T06:23:06.050+0000] {processor.py:830} INFO - Processing file /opt/airflow/dags/postgresql-42.2.23.jar for tasks to queue
[2025-04-30T06:23:06.051+0000] {logging_mixin.py:188} INFO - [2025-04-30T06:23:06.051+0000] {dagbag.py:545} INFO - Filling up the DagBag from /opt/airflow/dags/postgresql-42.2.23.jar
[2025-04-30T06:23:06.071+0000] {processor.py:842} WARNING - No viable dags retrieved from /opt/airflow/dags/postgresql-42.2.23.jar
[2025-04-30T06:23:06.084+0000] {processor.py:183} INFO - Processing /opt/airflow/dags/postgresql-42.2.23.jar took 0.042 seconds
[2025-04-30T06:23:36.337+0000] {processor.py:161} INFO - Started process (PID=1223) to work on /opt/airflow/dags/postgresql-42.2.23.jar
[2025-04-30T06:23:36.339+0000] {processor.py:830} INFO - Processing file /opt/airflow/dags/postgresql-42.2.23.jar for tasks to queue
[2025-04-30T06:23:36.340+0000] {logging_mixin.py:188} INFO - [2025-04-30T06:23:36.339+0000] {dagbag.py:545} INFO - Filling up the DagBag from /opt/airflow/dags/postgresql-42.2.23.jar
[2025-04-30T06:23:36.358+0000] {processor.py:842} WARNING - No viable dags retrieved from /opt/airflow/dags/postgresql-42.2.23.jar
[2025-04-30T06:23:36.374+0000] {processor.py:183} INFO - Processing /opt/airflow/dags/postgresql-42.2.23.jar took 0.042 seconds
[2025-04-30T06:24:07.290+0000] {processor.py:161} INFO - Started process (PID=1233) to work on /opt/airflow/dags/postgresql-42.2.23.jar
[2025-04-30T06:24:07.292+0000] {processor.py:830} INFO - Processing file /opt/airflow/dags/postgresql-42.2.23.jar for tasks to queue
[2025-04-30T06:24:07.293+0000] {logging_mixin.py:188} INFO - [2025-04-30T06:24:07.293+0000] {dagbag.py:545} INFO - Filling up the DagBag from /opt/airflow/dags/postgresql-42.2.23.jar
[2025-04-30T06:24:07.314+0000] {processor.py:842} WARNING - No viable dags retrieved from /opt/airflow/dags/postgresql-42.2.23.jar
[2025-04-30T06:24:07.330+0000] {processor.py:183} INFO - Processing /opt/airflow/dags/postgresql-42.2.23.jar took 0.048 seconds
[2025-04-30T06:24:38.407+0000] {processor.py:161} INFO - Started process (PID=1243) to work on /opt/airflow/dags/postgresql-42.2.23.jar
[2025-04-30T06:24:38.413+0000] {processor.py:830} INFO - Processing file /opt/airflow/dags/postgresql-42.2.23.jar for tasks to queue
[2025-04-30T06:24:38.414+0000] {logging_mixin.py:188} INFO - [2025-04-30T06:24:38.414+0000] {dagbag.py:545} INFO - Filling up the DagBag from /opt/airflow/dags/postgresql-42.2.23.jar
[2025-04-30T06:24:38.433+0000] {processor.py:842} WARNING - No viable dags retrieved from /opt/airflow/dags/postgresql-42.2.23.jar
[2025-04-30T06:24:38.454+0000] {processor.py:183} INFO - Processing /opt/airflow/dags/postgresql-42.2.23.jar took 0.054 seconds
[2025-04-30T06:25:09.460+0000] {processor.py:161} INFO - Started process (PID=1253) to work on /opt/airflow/dags/postgresql-42.2.23.jar
[2025-04-30T06:25:09.462+0000] {processor.py:830} INFO - Processing file /opt/airflow/dags/postgresql-42.2.23.jar for tasks to queue
[2025-04-30T06:25:09.463+0000] {logging_mixin.py:188} INFO - [2025-04-30T06:25:09.462+0000] {dagbag.py:545} INFO - Filling up the DagBag from /opt/airflow/dags/postgresql-42.2.23.jar
[2025-04-30T06:25:09.482+0000] {processor.py:842} WARNING - No viable dags retrieved from /opt/airflow/dags/postgresql-42.2.23.jar
[2025-04-30T06:25:09.497+0000] {processor.py:183} INFO - Processing /opt/airflow/dags/postgresql-42.2.23.jar took 0.043 seconds
[2025-04-30T06:25:40.292+0000] {processor.py:161} INFO - Started process (PID=1263) to work on /opt/airflow/dags/postgresql-42.2.23.jar
[2025-04-30T06:25:40.295+0000] {processor.py:830} INFO - Processing file /opt/airflow/dags/postgresql-42.2.23.jar for tasks to queue
[2025-04-30T06:25:40.298+0000] {logging_mixin.py:188} INFO - [2025-04-30T06:25:40.296+0000] {dagbag.py:545} INFO - Filling up the DagBag from /opt/airflow/dags/postgresql-42.2.23.jar
[2025-04-30T06:25:40.316+0000] {processor.py:842} WARNING - No viable dags retrieved from /opt/airflow/dags/postgresql-42.2.23.jar
[2025-04-30T06:25:40.332+0000] {processor.py:183} INFO - Processing /opt/airflow/dags/postgresql-42.2.23.jar took 0.052 seconds
[2025-04-30T06:26:11.253+0000] {processor.py:161} INFO - Started process (PID=1273) to work on /opt/airflow/dags/postgresql-42.2.23.jar
[2025-04-30T06:26:11.254+0000] {processor.py:830} INFO - Processing file /opt/airflow/dags/postgresql-42.2.23.jar for tasks to queue
[2025-04-30T06:26:11.255+0000] {logging_mixin.py:188} INFO - [2025-04-30T06:26:11.255+0000] {dagbag.py:545} INFO - Filling up the DagBag from /opt/airflow/dags/postgresql-42.2.23.jar
[2025-04-30T06:26:11.273+0000] {processor.py:842} WARNING - No viable dags retrieved from /opt/airflow/dags/postgresql-42.2.23.jar
[2025-04-30T06:26:11.287+0000] {processor.py:183} INFO - Processing /opt/airflow/dags/postgresql-42.2.23.jar took 0.042 seconds
[2025-04-30T06:26:42.204+0000] {processor.py:161} INFO - Started process (PID=1283) to work on /opt/airflow/dags/postgresql-42.2.23.jar
[2025-04-30T06:26:42.205+0000] {processor.py:830} INFO - Processing file /opt/airflow/dags/postgresql-42.2.23.jar for tasks to queue
[2025-04-30T06:26:42.206+0000] {logging_mixin.py:188} INFO - [2025-04-30T06:26:42.206+0000] {dagbag.py:545} INFO - Filling up the DagBag from /opt/airflow/dags/postgresql-42.2.23.jar
[2025-04-30T06:26:42.224+0000] {processor.py:842} WARNING - No viable dags retrieved from /opt/airflow/dags/postgresql-42.2.23.jar
[2025-04-30T06:26:42.238+0000] {processor.py:183} INFO - Processing /opt/airflow/dags/postgresql-42.2.23.jar took 0.039 seconds
[2025-04-30T06:27:13.177+0000] {processor.py:161} INFO - Started process (PID=1293) to work on /opt/airflow/dags/postgresql-42.2.23.jar
[2025-04-30T06:27:13.178+0000] {processor.py:830} INFO - Processing file /opt/airflow/dags/postgresql-42.2.23.jar for tasks to queue
[2025-04-30T06:27:13.179+0000] {logging_mixin.py:188} INFO - [2025-04-30T06:27:13.179+0000] {dagbag.py:545} INFO - Filling up the DagBag from /opt/airflow/dags/postgresql-42.2.23.jar
[2025-04-30T06:27:13.195+0000] {processor.py:842} WARNING - No viable dags retrieved from /opt/airflow/dags/postgresql-42.2.23.jar
[2025-04-30T06:27:13.209+0000] {processor.py:183} INFO - Processing /opt/airflow/dags/postgresql-42.2.23.jar took 0.038 seconds
[2025-04-30T06:27:44.121+0000] {processor.py:161} INFO - Started process (PID=1303) to work on /opt/airflow/dags/postgresql-42.2.23.jar
[2025-04-30T06:27:44.122+0000] {processor.py:830} INFO - Processing file /opt/airflow/dags/postgresql-42.2.23.jar for tasks to queue
[2025-04-30T06:27:44.123+0000] {logging_mixin.py:188} INFO - [2025-04-30T06:27:44.123+0000] {dagbag.py:545} INFO - Filling up the DagBag from /opt/airflow/dags/postgresql-42.2.23.jar
[2025-04-30T06:27:44.141+0000] {processor.py:842} WARNING - No viable dags retrieved from /opt/airflow/dags/postgresql-42.2.23.jar
[2025-04-30T06:27:44.155+0000] {processor.py:183} INFO - Processing /opt/airflow/dags/postgresql-42.2.23.jar took 0.040 seconds
[2025-04-30T06:28:15.187+0000] {processor.py:161} INFO - Started process (PID=1314) to work on /opt/airflow/dags/postgresql-42.2.23.jar
[2025-04-30T06:28:15.188+0000] {processor.py:830} INFO - Processing file /opt/airflow/dags/postgresql-42.2.23.jar for tasks to queue
[2025-04-30T06:28:15.189+0000] {logging_mixin.py:188} INFO - [2025-04-30T06:28:15.189+0000] {dagbag.py:545} INFO - Filling up the DagBag from /opt/airflow/dags/postgresql-42.2.23.jar
[2025-04-30T06:28:15.213+0000] {processor.py:842} WARNING - No viable dags retrieved from /opt/airflow/dags/postgresql-42.2.23.jar
[2025-04-30T06:28:15.229+0000] {processor.py:183} INFO - Processing /opt/airflow/dags/postgresql-42.2.23.jar took 0.049 seconds
