[2025-04-29T10:05:41.209+0000] {local_task_job_runner.py:120} INFO - ::group::Pre task execution logs
[2025-04-29T10:05:41.236+0000] {taskinstance.py:2076} INFO - Dependencies all met for dep_context=non-requeueable deps ti=<TaskInstance: main.query_postgres manual__2025-04-29T10:05:38.516674+00:00 [queued]>
[2025-04-29T10:05:41.246+0000] {taskinstance.py:2076} INFO - Dependencies all met for dep_context=requeueable deps ti=<TaskInstance: main.query_postgres manual__2025-04-29T10:05:38.516674+00:00 [queued]>
[2025-04-29T10:05:41.247+0000] {taskinstance.py:2306} INFO - Starting attempt 1 of 1
[2025-04-29T10:05:41.272+0000] {taskinstance.py:2330} INFO - Executing <Task(PythonOperator): query_postgres> on 2025-04-29 10:05:38.516674+00:00
[2025-04-29T10:05:41.278+0000] {warnings.py:112} WARNING - /home/***/.local/lib/python3.12/site-packages/***/task/task_runner/standard_task_runner.py:61: DeprecationWarning: This process (pid=72) is multi-threaded, use of fork() may lead to deadlocks in the child.
  pid = os.fork()

[2025-04-29T10:05:41.279+0000] {standard_task_runner.py:63} INFO - Started process 73 to run task
[2025-04-29T10:05:41.279+0000] {standard_task_runner.py:90} INFO - Running: ['***', 'tasks', 'run', 'main', 'query_postgres', 'manual__2025-04-29T10:05:38.516674+00:00', '--job-id', '7', '--raw', '--subdir', 'DAGS_FOLDER/main.py', '--cfg-path', '/tmp/tmp3k910i4c']
[2025-04-29T10:05:41.281+0000] {standard_task_runner.py:91} INFO - Job 7: Subtask query_postgres
[2025-04-29T10:05:41.334+0000] {task_command.py:426} INFO - Running <TaskInstance: main.query_postgres manual__2025-04-29T10:05:38.516674+00:00 [running]> on host f5e2a18f7b01
[2025-04-29T10:05:41.445+0000] {taskinstance.py:2648} INFO - Exporting env vars: AIRFLOW_CTX_DAG_OWNER='***' AIRFLOW_CTX_DAG_ID='main' AIRFLOW_CTX_TASK_ID='query_postgres' AIRFLOW_CTX_EXECUTION_DATE='2025-04-29T10:05:38.516674+00:00' AIRFLOW_CTX_TRY_NUMBER='1' AIRFLOW_CTX_DAG_RUN_ID='manual__2025-04-29T10:05:38.516674+00:00'
[2025-04-29T10:05:41.446+0000] {taskinstance.py:430} INFO - ::endgroup::
[2025-04-29T10:05:41.561+0000] {logging_mixin.py:188} INFO - PostgreSQL version:                                                         version                                                        
-----------------------------------------------------------------------------------------------------------------------
 PostgreSQL 15.12 (Debian 15.12-1.pgdg120+1) on x86_64-pc-linux-gnu, compiled by gcc (Debian 12.2.0-14) 12.2.0, 64-bit
(1 row)
[2025-04-29T10:05:41.562+0000] {python.py:237} INFO - Done. Returned value was: None
[2025-04-29T10:05:41.564+0000] {taskinstance.py:441} INFO - ::group::Post task execution logs
[2025-04-29T10:05:41.573+0000] {taskinstance.py:1206} INFO - Marking task as SUCCESS. dag_id=main, task_id=query_postgres, run_id=manual__2025-04-29T10:05:38.516674+00:00, execution_date=20250429T100538, start_date=20250429T100541, end_date=20250429T100541
[2025-04-29T10:05:41.614+0000] {local_task_job_runner.py:240} INFO - Task exited with return code 0
[2025-04-29T10:05:41.632+0000] {taskinstance.py:3503} INFO - 0 downstream tasks scheduled from follow-on schedule check
[2025-04-29T10:05:41.634+0000] {local_task_job_runner.py:222} INFO - ::endgroup::
