[2025-04-30T05:50:11.653+0000] {local_task_job_runner.py:120} INFO - ::group::Pre task execution logs
[2025-04-30T05:50:11.695+0000] {taskinstance.py:2076} INFO - Dependencies all met for dep_context=non-requeueable deps ti=<TaskInstance: pstspark.run_spark_ps manual__2025-04-30T05:50:10.233306+00:00 [queued]>
[2025-04-30T05:50:11.712+0000] {taskinstance.py:2076} INFO - Dependencies all met for dep_context=requeueable deps ti=<TaskInstance: pstspark.run_spark_ps manual__2025-04-30T05:50:10.233306+00:00 [queued]>
[2025-04-30T05:50:11.713+0000] {taskinstance.py:2306} INFO - Starting attempt 1 of 1
[2025-04-30T05:50:11.744+0000] {taskinstance.py:2330} INFO - Executing <Task(PythonOperator): run_spark_ps> on 2025-04-30 05:50:10.233306+00:00
[2025-04-30T05:50:11.752+0000] {warnings.py:112} WARNING - /home/***/.local/lib/python3.12/site-packages/***/task/task_runner/standard_task_runner.py:61: DeprecationWarning: This process (pid=1455) is multi-threaded, use of fork() may lead to deadlocks in the child.
  pid = os.fork()

[2025-04-30T05:50:11.755+0000] {standard_task_runner.py:63} INFO - Started process 1456 to run task
[2025-04-30T05:50:11.755+0000] {standard_task_runner.py:90} INFO - Running: ['***', 'tasks', 'run', 'pstspark', 'run_spark_ps', 'manual__2025-04-30T05:50:10.233306+00:00', '--job-id', '104', '--raw', '--subdir', 'DAGS_FOLDER/pstspark.py', '--cfg-path', '/tmp/tmp5wjzwy4c']
[2025-04-30T05:50:11.757+0000] {standard_task_runner.py:91} INFO - Job 104: Subtask run_spark_ps
[2025-04-30T05:50:11.831+0000] {task_command.py:426} INFO - Running <TaskInstance: pstspark.run_spark_ps manual__2025-04-30T05:50:10.233306+00:00 [running]> on host 3d59bb7e8591
[2025-04-30T05:50:11.979+0000] {taskinstance.py:2648} INFO - Exporting env vars: AIRFLOW_CTX_DAG_OWNER='***' AIRFLOW_CTX_DAG_ID='pstspark' AIRFLOW_CTX_TASK_ID='run_spark_ps' AIRFLOW_CTX_EXECUTION_DATE='2025-04-30T05:50:10.233306+00:00' AIRFLOW_CTX_TRY_NUMBER='1' AIRFLOW_CTX_DAG_RUN_ID='manual__2025-04-30T05:50:10.233306+00:00'
[2025-04-30T05:50:11.980+0000] {taskinstance.py:430} INFO - ::endgroup::
[2025-04-30T05:50:25.194+0000] {logging_mixin.py:188} INFO - +---+-------+--------+--------+----------+
| id|   name|position|  salary| hire_date|
+---+-------+--------+--------+----------+
|  1|  Alice|Engineer|75000.00|2021-06-15|
|  2|    Bob| Manager|90000.00|2020-05-01|
|  3|Charlie|      HR|60000.00|2019-04-12|
+---+-------+--------+--------+----------+
[2025-04-30T05:50:25.758+0000] {python.py:237} INFO - Done. Returned value was: None
[2025-04-30T05:50:25.763+0000] {taskinstance.py:441} INFO - ::group::Post task execution logs
[2025-04-30T05:50:25.803+0000] {taskinstance.py:1206} INFO - Marking task as SUCCESS. dag_id=pstspark, task_id=run_spark_ps, run_id=manual__2025-04-30T05:50:10.233306+00:00, execution_date=20250430T055010, start_date=20250430T055011, end_date=20250430T055025
[2025-04-30T05:50:25.883+0000] {local_task_job_runner.py:240} INFO - Task exited with return code 0
[2025-04-30T05:50:25.931+0000] {taskinstance.py:3503} INFO - 1 downstream tasks scheduled from follow-on schedule check
[2025-04-30T05:50:25.934+0000] {local_task_job_runner.py:222} INFO - ::endgroup::
