[2025-04-29T11:36:46.337+0000] {local_task_job_runner.py:120} INFO - ::group::Pre task execution logs
[2025-04-29T11:36:46.366+0000] {taskinstance.py:2076} INFO - Dependencies all met for dep_context=non-requeueable deps ti=<TaskInstance: pstspark.run_spark_pst manual__2025-04-29T11:36:43.586816+00:00 [queued]>
[2025-04-29T11:36:46.375+0000] {taskinstance.py:2076} INFO - Dependencies all met for dep_context=requeueable deps ti=<TaskInstance: pstspark.run_spark_pst manual__2025-04-29T11:36:43.586816+00:00 [queued]>
[2025-04-29T11:36:46.375+0000] {taskinstance.py:2306} INFO - Starting attempt 1 of 1
[2025-04-29T11:36:46.393+0000] {taskinstance.py:2330} INFO - Executing <Task(PythonOperator): run_spark_pst> on 2025-04-29 11:36:43.586816+00:00
[2025-04-29T11:36:46.401+0000] {standard_task_runner.py:90} INFO - Running: ['***', 'tasks', 'run', 'pstspark', 'run_spark_pst', 'manual__2025-04-29T11:36:43.586816+00:00', '--job-id', '30', '--raw', '--subdir', 'DAGS_FOLDER/pstspark.py', '--cfg-path', '/tmp/tmpjs5bvqpv']
[2025-04-29T11:36:46.399+0000] {warnings.py:112} WARNING - /home/***/.local/lib/python3.12/site-packages/***/task/task_runner/standard_task_runner.py:61: DeprecationWarning: This process (pid=62) is multi-threaded, use of fork() may lead to deadlocks in the child.
  pid = os.fork()

[2025-04-29T11:36:46.403+0000] {standard_task_runner.py:91} INFO - Job 30: Subtask run_spark_pst
[2025-04-29T11:36:46.403+0000] {standard_task_runner.py:63} INFO - Started process 63 to run task
[2025-04-29T11:36:46.471+0000] {task_command.py:426} INFO - Running <TaskInstance: pstspark.run_spark_pst manual__2025-04-29T11:36:43.586816+00:00 [running]> on host fdedd1d18f36
[2025-04-29T11:36:46.608+0000] {taskinstance.py:2648} INFO - Exporting env vars: AIRFLOW_CTX_DAG_OWNER='***' AIRFLOW_CTX_DAG_ID='pstspark' AIRFLOW_CTX_TASK_ID='run_spark_pst' AIRFLOW_CTX_EXECUTION_DATE='2025-04-29T11:36:43.586816+00:00' AIRFLOW_CTX_TRY_NUMBER='1' AIRFLOW_CTX_DAG_RUN_ID='manual__2025-04-29T11:36:43.586816+00:00'
[2025-04-29T11:36:46.610+0000] {taskinstance.py:430} INFO - ::endgroup::
[2025-04-29T11:36:59.035+0000] {logging_mixin.py:188} INFO - +-----+---+
| Name|Age|
+-----+---+
|Alice| 34|
|  Bob| 45|
+-----+---+
[2025-04-29T11:36:59.990+0000] {python.py:237} INFO - Done. Returned value was: None
[2025-04-29T11:36:59.991+0000] {taskinstance.py:441} INFO - ::group::Post task execution logs
[2025-04-29T11:37:00.001+0000] {taskinstance.py:1206} INFO - Marking task as SUCCESS. dag_id=pstspark, task_id=run_spark_pst, run_id=manual__2025-04-29T11:36:43.586816+00:00, execution_date=20250429T113643, start_date=20250429T113646, end_date=20250429T113700
[2025-04-29T11:37:00.050+0000] {local_task_job_runner.py:240} INFO - Task exited with return code 0
[2025-04-29T11:37:00.067+0000] {taskinstance.py:3503} INFO - 0 downstream tasks scheduled from follow-on schedule check
[2025-04-29T11:37:00.070+0000] {local_task_job_runner.py:222} INFO - ::endgroup::
