[2025-05-04T18:42:59.508+0000] {local_task_job_runner.py:120} INFO - ::group::Pre task execution logs
[2025-05-04T18:42:59.548+0000] {taskinstance.py:2076} INFO - Dependencies all met for dep_context=non-requeueable deps ti=<TaskInstance: main.task_first manual__2025-05-04T18:42:56.414410+00:00 [queued]>
[2025-05-04T18:42:59.562+0000] {taskinstance.py:2076} INFO - Dependencies all met for dep_context=requeueable deps ti=<TaskInstance: main.task_first manual__2025-05-04T18:42:56.414410+00:00 [queued]>
[2025-05-04T18:42:59.563+0000] {taskinstance.py:2306} INFO - Starting attempt 1 of 1
[2025-05-04T18:42:59.591+0000] {taskinstance.py:2330} INFO - Executing <Task(PythonOperator): task_first> on 2025-05-04 18:42:56.414410+00:00
[2025-05-04T18:42:59.599+0000] {warnings.py:112} WARNING - /home/***/.local/lib/python3.12/site-packages/***/task/task_runner/standard_task_runner.py:61: DeprecationWarning: This process (pid=1265) is multi-threaded, use of fork() may lead to deadlocks in the child.
  pid = os.fork()

[2025-05-04T18:42:59.601+0000] {standard_task_runner.py:63} INFO - Started process 1266 to run task
[2025-05-04T18:42:59.601+0000] {standard_task_runner.py:90} INFO - Running: ['***', 'tasks', 'run', 'main', 'task_first', 'manual__2025-05-04T18:42:56.414410+00:00', '--job-id', '136', '--raw', '--subdir', 'DAGS_FOLDER/main.py', '--cfg-path', '/tmp/tmpn6zv66_j']
[2025-05-04T18:42:59.604+0000] {standard_task_runner.py:91} INFO - Job 136: Subtask task_first
[2025-05-04T18:42:59.679+0000] {task_command.py:426} INFO - Running <TaskInstance: main.task_first manual__2025-05-04T18:42:56.414410+00:00 [running]> on host 3d59bb7e8591
[2025-05-04T18:42:59.839+0000] {taskinstance.py:2648} INFO - Exporting env vars: AIRFLOW_CTX_DAG_OWNER='***' AIRFLOW_CTX_DAG_ID='main' AIRFLOW_CTX_TASK_ID='task_first' AIRFLOW_CTX_EXECUTION_DATE='2025-05-04T18:42:56.414410+00:00' AIRFLOW_CTX_TRY_NUMBER='1' AIRFLOW_CTX_DAG_RUN_ID='manual__2025-05-04T18:42:56.414410+00:00'
[2025-05-04T18:42:59.840+0000] {taskinstance.py:430} INFO - ::endgroup::
[2025-05-04T18:43:17.972+0000] {logging_mixin.py:188} INFO - [Row(count=590707)]
[2025-05-04T18:43:22.149+0000] {logging_mixin.py:188} INFO - +------+
| count|
+------+
|590707|
+------+
[2025-05-04T18:43:22.151+0000] {logging_mixin.py:188} INFO - None
[2025-05-04T18:43:22.152+0000] {python.py:237} INFO - Done. Returned value was: None
[2025-05-04T18:43:22.154+0000] {taskinstance.py:441} INFO - ::group::Post task execution logs
[2025-05-04T18:43:22.175+0000] {taskinstance.py:1206} INFO - Marking task as SUCCESS. dag_id=main, task_id=task_first, run_id=manual__2025-05-04T18:42:56.414410+00:00, execution_date=20250504T184256, start_date=20250504T184259, end_date=20250504T184322
[2025-05-04T18:43:22.236+0000] {local_task_job_runner.py:240} INFO - Task exited with return code 0
[2025-05-04T18:43:22.279+0000] {taskinstance.py:3503} INFO - 0 downstream tasks scheduled from follow-on schedule check
[2025-05-04T18:43:22.283+0000] {local_task_job_runner.py:222} INFO - ::endgroup::
